<?xml version="1.0" encoding="utf-8"?><testsuites name="pytest tests"><testsuite name="pytest" errors="0" failures="3" skipped="531" tests="761" time="12.949" timestamp="2026-04-12T22:05:07.554316+03:00" hostname="WIN-QL7GJ13NBOJ"><testcase classname="tests.api.test_admin_crm" name="test_admin_crm_leads_listing_and_details" time="1.228"><skipped type="pytest.skip" message="Cannot connect to test DB (invalid password). Set DATABASE_URL_TEST to your test DB, e.g. database=dental_booking_test.">D:\CURSOR\projects\dental_booking\tests\api\test_admin_crm.py:12: Cannot connect to test DB (invalid password). Set DATABASE_URL_TEST to your test DB, e.g. database=dental_booking_test.</skipped></testcase><testcase classname="tests.api.test_admin_crm" name="test_admin_crm_leads_kanban_projection" time="0.000"><skipped type="pytest.skip" message="Cannot connect to test DB (invalid password). Set DATABASE_URL_TEST to your test DB, e.g. database=dental_booking_test.">D:\CURSOR\projects\dental_booking\tests\api\test_admin_crm.py:91: Cannot connect to test DB (invalid password). Set DATABASE_URL_TEST to your test DB, e.g. database=dental_booking_test.</skipped></testcase><testcase classname="tests.api.test_admin_crm" name="test_admin_crm_leads_cursor_pagination" time="0.000"><skipped type="pytest.skip" message="Cannot connect to test DB (invalid password). Set DATABASE_URL_TEST to your test DB, e.g. database=dental_booking_test.">D:\CURSOR\projects\dental_booking\tests\api\test_admin_crm.py:144: Cannot connect to test DB (invalid password). Set DATABASE_URL_TEST to your test DB, e.g. database=dental_booking_test.</skipped></testcase><testcase classname="tests.api.test_admin_crm" name="test_admin_crm_leads_cursor_invalid_returns_400" time="0.001"><skipped type="pytest.skip" message="Cannot connect to test DB (invalid password). Set DATABASE_URL_TEST to your test DB, e.g. database=dental_booking_test.">D:\CURSOR\projects\dental_booking\tests\api\test_admin_crm.py:223: Cannot connect to test DB (invalid password). Set DATABASE_URL_TEST to your test DB, e.g. database=dental_booking_test.</skipped></testcase><testcase classname="tests.api.test_admin_crm" name="test_admin_crm_stage_semantics_includes_resolved" time="0.000"><skipped type="pytest.skip" message="Cannot connect to test DB (invalid password). Set DATABASE_URL_TEST to your test DB, e.g. database=dental_booking_test.">D:\CURSOR\projects\dental_booking\tests\api\test_admin_crm.py:242: Cannot connect to test DB (invalid password). Set DATABASE_URL_TEST to your test DB, e.g. database=dental_booking_test.</skipped></testcase><testcase classname="tests.api.test_admin_crm" name="test_admin_crm_change_lead_stage_enforce_semantic_blocks_invalid" time="0.000"><skipped type="pytest.skip" message="Cannot connect to test DB (invalid password). Set DATABASE_URL_TEST to your test DB, e.g. database=dental_booking_test.">D:\CURSOR\projects\dental_booking\tests\api\test_admin_crm.py:285: Cannot connect to test DB (invalid password). Set DATABASE_URL_TEST to your test DB, e.g. database=dental_booking_test.</skipped></testcase><testcase classname="tests.api.test_admin_employment" name="test_admin_cannot_self_terminate" time="0.000"><skipped type="pytest.skip" message="Cannot connect to test DB (invalid password). Set DATABASE_URL_TEST to your test DB, e.g. database=dental_booking_test.">D:\CURSOR\projects\dental_booking\tests\api\test_admin_employment.py:9: Cannot connect to test DB (invalid password). Set DATABASE_URL_TEST to your test DB, e.g. database=dental_booking_test.</skipped></testcase><testcase classname="tests.api.test_admin_employment" name="test_terminated_admin_cannot_login" time="0.000"><skipped type="pytest.skip" message="Cannot connect to test DB (invalid password). Set DATABASE_URL_TEST to your test DB, e.g. database=dental_booking_test.">D:\CURSOR\projects\dental_booking\tests\api\test_admin_employment.py:24: Cannot connect to test DB (invalid password). Set DATABASE_URL_TEST to your test DB, e.g. database=dental_booking_test.</skipped></testcase><testcase classname="tests.api.test_admin_employment" name="test_list_admins_includes_employment_status" time="0.000"><skipped type="pytest.skip" message="Cannot connect to test DB (invalid password). Set DATABASE_URL_TEST to your test DB, e.g. database=dental_booking_test.">D:\CURSOR\projects\dental_booking\tests\api\test_admin_employment.py:64: Cannot connect to test DB (invalid password). Set DATABASE_URL_TEST to your test DB, e.g. database=dental_booking_test.</skipped></testcase><testcase classname="tests.api.test_admin_entitlement_api" name="test_admin_tasks_403_when_org_enforced_without_kanban" time="0.001"><skipped type="pytest.skip" message="Cannot connect to test DB (invalid password). Set DATABASE_URL_TEST to your test DB, e.g. database=dental_booking_test.">D:\CURSOR\projects\dental_booking\tests\api\test_admin_entitlement_api.py:47: Cannot connect to test DB (invalid password). Set DATABASE_URL_TEST to your test DB, e.g. database=dental_booking_test.</skipped></testcase><testcase classname="tests.api.test_admin_entitlement_api" name="test_admin_tasks_200_when_org_has_kanban_entitlement" time="0.000"><skipped type="pytest.skip" message="Cannot connect to test DB (invalid password). Set DATABASE_URL_TEST to your test DB, e.g. database=dental_booking_test.">D:\CURSOR\projects\dental_booking\tests\api\test_admin_entitlement_api.py:78: Cannot connect to test DB (invalid password). Set DATABASE_URL_TEST to your test DB, e.g. database=dental_booking_test.</skipped></testcase><testcase classname="tests.api.test_admin_entitlement_api" name="test_admin_session_shows_enforcement_when_org_has_entitlements" time="0.000"><skipped type="pytest.skip" message="Cannot connect to test DB (invalid password). Set DATABASE_URL_TEST to your test DB, e.g. database=dental_booking_test.">D:\CURSOR\projects\dental_booking\tests\api\test_admin_entitlement_api.py:109: Cannot connect to test DB (invalid password). Set DATABASE_URL_TEST to your test DB, e.g. database=dental_booking_test.</skipped></testcase><testcase classname="tests.api.test_admin_entitlement_api" name="test_lead_logs_not_gated_by_crm_entitlement" time="0.000"><skipped type="pytest.skip" message="Cannot connect to test DB (invalid password). Set DATABASE_URL_TEST to your test DB, e.g. database=dental_booking_test.">D:\CURSOR\projects\dental_booking\tests\api\test_admin_entitlement_api.py:142: Cannot connect to test DB (invalid password). Set DATABASE_URL_TEST to your test DB, e.g. database=dental_booking_test.</skipped></testcase><testcase classname="tests.api.test_admin_forms" name="test_admin_forms_templates_list_smoke" time="0.001"><skipped type="pytest.skip" message="Cannot connect to test DB (invalid password). Set DATABASE_URL_TEST to your test DB, e.g. database=dental_booking_test.">D:\CURSOR\projects\dental_booking\tests\api\test_admin_forms.py:10: Cannot connect to test DB (invalid password). Set DATABASE_URL_TEST to your test DB, e.g. database=dental_booking_test.</skipped></testcase><testcase classname="tests.api.test_admin_forms" name="test_admin_forms_create_template_and_submission_flow" time="0.000"><skipped type="pytest.skip" message="Cannot connect to test DB (invalid password). Set DATABASE_URL_TEST to your test DB, e.g. database=dental_booking_test.">D:\CURSOR\projects\dental_booking\tests\api\test_admin_forms.py:19: Cannot connect to test DB (invalid password). Set DATABASE_URL_TEST to your test DB, e.g. database=dental_booking_test.</skipped></testcase><testcase classname="tests.api.test_admin_lead_logs_stats" name="test_admin_lead_logs_stats_returns_counts" time="0.000"><skipped type="pytest.skip" message="Cannot connect to test DB (invalid password). Set DATABASE_URL_TEST to your test DB, e.g. database=dental_booking_test.">D:\CURSOR\projects\dental_booking\tests\api\test_admin_lead_logs_stats.py:18: Cannot connect to test DB (invalid password). Set DATABASE_URL_TEST to your test DB, e.g. database=dental_booking_test.</skipped></testcase><testcase classname="tests.api.test_admin_lead_logs_stats" name="test_admin_resolve_conflicts_on_active_lease_unless_force" time="0.000"><skipped type="pytest.skip" message="Cannot connect to test DB (invalid password). Set DATABASE_URL_TEST to your test DB, e.g. database=dental_booking_test.">D:\CURSOR\projects\dental_booking\tests\api\test_admin_lead_logs_stats.py:86: Cannot connect to test DB (invalid password). Set DATABASE_URL_TEST to your test DB, e.g. database=dental_booking_test.</skipped></testcase><testcase classname="tests.api.test_admin_loyalty" name="test_get_loyalty_policy_smoke" time="0.000"><skipped type="pytest.skip" message="Cannot connect to test DB (invalid password). Set DATABASE_URL_TEST to your test DB, e.g. database=dental_booking_test.">D:\CURSOR\projects\dental_booking\tests\api\test_admin_loyalty.py:22: Cannot connect to test DB (invalid password). Set DATABASE_URL_TEST to your test DB, e.g. database=dental_booking_test.</skipped></testcase><testcase classname="tests.api.test_admin_loyalty" name="test_subscription_usages_list_by_patient" time="0.000"><skipped type="pytest.skip" message="Cannot connect to test DB (invalid password). Set DATABASE_URL_TEST to your test DB, e.g. database=dental_booking_test.">D:\CURSOR\projects\dental_booking\tests\api\test_admin_loyalty.py:34: Cannot connect to test DB (invalid password). Set DATABASE_URL_TEST to your test DB, e.g. database=dental_booking_test.</skipped></testcase><testcase classname="tests.api.test_admin_loyalty_summary_by_contact" name="test_admin_loyalty_summary_by_contact_returns_patient_loyalty" time="0.000"><skipped type="pytest.skip" message="Cannot connect to test DB (invalid password). Set DATABASE_URL_TEST to your test DB, e.g. database=dental_booking_test.">D:\CURSOR\projects\dental_booking\tests\api\test_admin_loyalty_summary_by_contact.py:18: Cannot connect to test DB (invalid password). Set DATABASE_URL_TEST to your test DB, e.g. database=dental_booking_test.</skipped></testcase><testcase classname="tests.api.test_admin_marketing_attribution" name="test_admin_marketing_attribution_summary_empty_ok" time="0.000"><skipped type="pytest.skip" message="Cannot connect to test DB (invalid password). Set DATABASE_URL_TEST to your test DB, e.g. database=dental_booking_test.">D:\CURSOR\projects\dental_booking\tests\api\test_admin_marketing_attribution.py:7: Cannot connect to test DB (invalid password). Set DATABASE_URL_TEST to your test DB, e.g. database=dental_booking_test.</skipped></testcase><testcase classname="tests.api.test_admin_omni_chat" name="test_admin_list_omni_chats_and_messages" time="0.000"><skipped type="pytest.skip" message="Cannot connect to test DB (invalid password). Set DATABASE_URL_TEST to your test DB, e.g. database=dental_booking_test.">D:\CURSOR\projects\dental_booking\tests\api\test_admin_omni_chat.py:100: Cannot connect to test DB (invalid password). Set DATABASE_URL_TEST to your test DB, e.g. database=dental_booking_test.</skipped></testcase><testcase classname="tests.api.test_admin_omni_chat" name="test_admin_send_and_hide_omni_message" time="0.000"><skipped type="pytest.skip" message="Cannot connect to test DB (invalid password). Set DATABASE_URL_TEST to your test DB, e.g. database=dental_booking_test.">D:\CURSOR\projects\dental_booking\tests\api\test_admin_omni_chat.py:170: Cannot connect to test DB (invalid password). Set DATABASE_URL_TEST to your test DB, e.g. database=dental_booking_test.</skipped></testcase><testcase classname="tests.api.test_admin_omni_chat" name="test_admin_claim_and_close_omni_chat_and_analytics" time="0.000"><skipped type="pytest.skip" message="Cannot connect to test DB (invalid password). Set DATABASE_URL_TEST to your test DB, e.g. database=dental_booking_test.">D:\CURSOR\projects\dental_booking\tests\api\test_admin_omni_chat.py:236: Cannot connect to test DB (invalid password). Set DATABASE_URL_TEST to your test DB, e.g. database=dental_booking_test.</skipped></testcase><testcase classname="tests.api.test_admin_omni_chat" name="test_admin_update_omni_chat_ai_mode" time="0.000"><skipped type="pytest.skip" message="Cannot connect to test DB (invalid password). Set DATABASE_URL_TEST to your test DB, e.g. database=dental_booking_test.">D:\CURSOR\projects\dental_booking\tests\api\test_admin_omni_chat.py:302: Cannot connect to test DB (invalid password). Set DATABASE_URL_TEST to your test DB, e.g. database=dental_booking_test.</skipped></testcase><testcase classname="tests.api.test_admin_omni_chat" name="test_admin_omni_messages_exclude_hidden_by_default_include_hidden_param" time="0.000"><skipped type="pytest.skip" message="Cannot connect to test DB (invalid password). Set DATABASE_URL_TEST to your test DB, e.g. database=dental_booking_test.">D:\CURSOR\projects\dental_booking\tests\api\test_admin_omni_chat.py:363: Cannot connect to test DB (invalid password). Set DATABASE_URL_TEST to your test DB, e.g. database=dental_booking_test.</skipped></testcase><testcase classname="tests.api.test_admin_omni_chat" name="test_admin_outbound_uses_last_client_inbound_channel" time="0.000"><skipped type="pytest.skip" message="Cannot connect to test DB (invalid password). Set DATABASE_URL_TEST to your test DB, e.g. database=dental_booking_test.">D:\CURSOR\projects\dental_booking\tests\api\test_admin_omni_chat.py:432: Cannot connect to test DB (invalid password). Set DATABASE_URL_TEST to your test DB, e.g. database=dental_booking_test.</skipped></testcase><testcase classname="tests.api.test_admin_omni_chat" name="test_admin_reply_channel_foreign_clinic_400" time="0.000"><skipped type="pytest.skip" message="Cannot connect to test DB (invalid password). Set DATABASE_URL_TEST to your test DB, e.g. database=dental_booking_test.">D:\CURSOR\projects\dental_booking\tests\api\test_admin_omni_chat.py:479: Cannot connect to test DB (invalid password). Set DATABASE_URL_TEST to your test DB, e.g. database=dental_booking_test.</skipped></testcase><testcase classname="tests.api.test_admin_omni_chat" name="test_admin_reply_channel_unresolved_409" time="0.000"><skipped type="pytest.skip" message="Cannot connect to test DB (invalid password). Set DATABASE_URL_TEST to your test DB, e.g. database=dental_booking_test.">D:\CURSOR\projects\dental_booking\tests\api\test_admin_omni_chat.py:528: Cannot connect to test DB (invalid password). Set DATABASE_URL_TEST to your test DB, e.g. database=dental_booking_test.</skipped></testcase><testcase classname="tests.api.test_admin_omni_chat" name="test_admin_omni_send_rate_limit_429" time="0.000"><skipped type="pytest.skip" message="Cannot connect to test DB (invalid password). Set DATABASE_URL_TEST to your test DB, e.g. database=dental_booking_test.">D:\CURSOR\projects\dental_booking\tests\api\test_admin_omni_chat.py:558: Cannot connect to test DB (invalid password). Set DATABASE_URL_TEST to your test DB, e.g. database=dental_booking_test.</skipped></testcase><testcase classname="tests.api.test_admin_omni_chat" name="test_admin_patch_omni_assignee_and_filter_me" time="0.000"><skipped type="pytest.skip" message="Cannot connect to test DB (invalid password). Set DATABASE_URL_TEST to your test DB, e.g. database=dental_booking_test.">D:\CURSOR\projects\dental_booking\tests\api\test_admin_omni_chat.py:616: Cannot connect to test DB (invalid password). Set DATABASE_URL_TEST to your test DB, e.g. database=dental_booking_test.</skipped></testcase><testcase classname="tests.api.test_admin_omni_chat" name="test_admin_omni_quick_replies_crud" time="0.000"><skipped type="pytest.skip" message="Cannot connect to test DB (invalid password). Set DATABASE_URL_TEST to your test DB, e.g. database=dental_booking_test.">D:\CURSOR\projects\dental_booking\tests\api\test_admin_omni_chat.py:673: Cannot connect to test DB (invalid password). Set DATABASE_URL_TEST to your test DB, e.g. database=dental_booking_test.</skipped></testcase><testcase classname="tests.api.test_admin_omni_chat" name="test_admin_patch_omni_chat_status_rejects_unknown" time="0.000"><skipped type="pytest.skip" message="Cannot connect to test DB (invalid password). Set DATABASE_URL_TEST to your test DB, e.g. database=dental_booking_test.">D:\CURSOR\projects\dental_booking\tests\api\test_admin_omni_chat.py:704: Cannot connect to test DB (invalid password). Set DATABASE_URL_TEST to your test DB, e.g. database=dental_booking_test.</skipped></testcase><testcase classname="tests.api.test_admin_omni_chat" name="test_admin_omni_quick_replies_reject_empty_after_trim" time="0.000"><skipped type="pytest.skip" message="Cannot connect to test DB (invalid password). Set DATABASE_URL_TEST to your test DB, e.g. database=dental_booking_test.">D:\CURSOR\projects\dental_booking\tests\api\test_admin_omni_chat.py:736: Cannot connect to test DB (invalid password). Set DATABASE_URL_TEST to your test DB, e.g. database=dental_booking_test.</skipped></testcase><testcase classname="tests.api.test_admin_omni_chat" name="test_admin_omni_quick_replies_manage_requires_permission" time="0.000"><skipped type="pytest.skip" message="Cannot connect to test DB (invalid password). Set DATABASE_URL_TEST to your test DB, e.g. database=dental_booking_test.">D:\CURSOR\projects\dental_booking\tests\api\test_admin_omni_chat.py:759: Cannot connect to test DB (invalid password). Set DATABASE_URL_TEST to your test DB, e.g. database=dental_booking_test.</skipped></testcase><testcase classname="tests.api.test_admin_omni_chat" name="test_admin_omni_sse_requires_auth" time="0.000"><skipped type="pytest.skip" message="Cannot connect to test DB (invalid password). Set DATABASE_URL_TEST to your test DB, e.g. database=dental_booking_test.">D:\CURSOR\projects\dental_booking\tests\api\test_admin_omni_chat.py:774: Cannot connect to test DB (invalid password). Set DATABASE_URL_TEST to your test DB, e.g. database=dental_booking_test.</skipped></testcase><testcase classname="tests.api.test_admin_omni_chat" name="test_admin_omni_sse_connected_event_with_auth" time="0.000"><skipped type="pytest.skip" message="Cannot connect to test DB (invalid password). Set DATABASE_URL_TEST to your test DB, e.g. database=dental_booking_test.">D:\CURSOR\projects\dental_booking\tests\api\test_admin_omni_chat.py:782: Cannot connect to test DB (invalid password). Set DATABASE_URL_TEST to your test DB, e.g. database=dental_booking_test.</skipped></testcase><testcase classname="tests.api.test_admin_omni_chat" name="test_admin_omni_list_assignee_param_rejects_invalid" time="0.000"><skipped type="pytest.skip" message="Cannot connect to test DB (invalid password). Set DATABASE_URL_TEST to your test DB, e.g. database=dental_booking_test.">D:\CURSOR\projects\dental_booking\tests\api\test_admin_omni_chat.py:802: Cannot connect to test DB (invalid password). Set DATABASE_URL_TEST to your test DB, e.g. database=dental_booking_test.</skipped></testcase><testcase classname="tests.api.test_admin_omni_chat" name="test_admin_omni_sse_token_requires_permission" time="0.000"><skipped type="pytest.skip" message="Cannot connect to test DB (invalid password). Set DATABASE_URL_TEST to your test DB, e.g. database=dental_booking_test.">D:\CURSOR\projects\dental_booking\tests\api\test_admin_omni_chat.py:813: Cannot connect to test DB (invalid password). Set DATABASE_URL_TEST to your test DB, e.g. database=dental_booking_test.</skipped></testcase><testcase classname="tests.api.test_admin_omni_chat" name="test_admin_omni_close_forbidden_for_non_assignee" time="0.000"><skipped type="pytest.skip" message="Cannot connect to test DB (invalid password). Set DATABASE_URL_TEST to your test DB, e.g. database=dental_booking_test.">D:\CURSOR\projects\dental_booking\tests\api\test_admin_omni_chat.py:835: Cannot connect to test DB (invalid password). Set DATABASE_URL_TEST to your test DB, e.g. database=dental_booking_test.</skipped></testcase><testcase classname="tests.api.test_admin_omni_chat" name="test_admin_omni_upload_rejects_svg" time="0.000"><skipped type="pytest.skip" message="Cannot connect to test DB (invalid password). Set DATABASE_URL_TEST to your test DB, e.g. database=dental_booking_test.">D:\CURSOR\projects\dental_booking\tests\api\test_admin_omni_chat.py:876: Cannot connect to test DB (invalid password). Set DATABASE_URL_TEST to your test DB, e.g. database=dental_booking_test.</skipped></testcase><testcase classname="tests.api.test_admin_patient_medical" name="test_admin_medical_visits_crud_minimal" time="0.000"><skipped type="pytest.skip" message="Cannot connect to test DB (invalid password). Set DATABASE_URL_TEST to your test DB, e.g. database=dental_booking_test.">D:\CURSOR\projects\dental_booking\tests\api\test_admin_patient_medical.py:14: Cannot connect to test DB (invalid password). Set DATABASE_URL_TEST to your test DB, e.g. database=dental_booking_test.</skipped></testcase><testcase classname="tests.api.test_admin_patient_medical" name="test_admin_medical_diagnoses_create_and_list" time="0.000"><skipped type="pytest.skip" message="Cannot connect to test DB (invalid password). Set DATABASE_URL_TEST to your test DB, e.g. database=dental_booking_test.">D:\CURSOR\projects\dental_booking\tests\api\test_admin_patient_medical.py:48: Cannot connect to test DB (invalid password). Set DATABASE_URL_TEST to your test DB, e.g. database=dental_booking_test.</skipped></testcase><testcase classname="tests.api.test_admin_patient_medical" name="test_admin_medical_file_download_token_and_stream_contract" time="0.000"><skipped type="pytest.skip" message="Cannot connect to test DB (invalid password). Set DATABASE_URL_TEST to your test DB, e.g. database=dental_booking_test.">D:\CURSOR\projects\dental_booking\tests\api\test_admin_patient_medical.py:81: Cannot connect to test DB (invalid password). Set DATABASE_URL_TEST to your test DB, e.g. database=dental_booking_test.</skipped></testcase><testcase classname="tests.api.test_admin_payment_gateway_credentials" name="test_admin_can_store_gateway_credentials_for_clinic" time="0.000"><skipped type="pytest.skip" message="Cannot connect to test DB (invalid password). Set DATABASE_URL_TEST to your test DB, e.g. database=dental_booking_test.">D:\CURSOR\projects\dental_booking\tests\api\test_admin_payment_gateway_credentials.py:13: Cannot connect to test DB (invalid password). Set DATABASE_URL_TEST to your test DB, e.g. database=dental_booking_test.</skipped></testcase><testcase classname="tests.api.test_admin_payment_gateway_credentials" name="test_admin_cannot_store_credentials_for_foreign_clinic" time="0.000"><skipped type="pytest.skip" message="Cannot connect to test DB (invalid password). Set DATABASE_URL_TEST to your test DB, e.g. database=dental_booking_test.">D:\CURSOR\projects\dental_booking\tests\api\test_admin_payment_gateway_credentials.py:56: Cannot connect to test DB (invalid password). Set DATABASE_URL_TEST to your test DB, e.g. database=dental_booking_test.</skipped></testcase><testcase classname="tests.api.test_admin_payroll_transactions" name="test_list_salary_transactions_without_doctor_id_ok" time="0.000"><skipped type="pytest.skip" message="Cannot connect to test DB (invalid password). Set DATABASE_URL_TEST to your test DB, e.g. database=dental_booking_test.">D:\CURSOR\projects\dental_booking\tests\api\test_admin_payroll_transactions.py:7: Cannot connect to test DB (invalid password). Set DATABASE_URL_TEST to your test DB, e.g. database=dental_booking_test.</skipped></testcase><testcase classname="tests.api.test_admin_payroll_transactions" name="test_list_salary_transactions_with_doctor_id_ok" time="0.001"><skipped type="pytest.skip" message="Cannot connect to test DB (invalid password). Set DATABASE_URL_TEST to your test DB, e.g. database=dental_booking_test.">D:\CURSOR\projects\dental_booking\tests\api\test_admin_payroll_transactions.py:22: Cannot connect to test DB (invalid password). Set DATABASE_URL_TEST to your test DB, e.g. database=dental_booking_test.</skipped></testcase><testcase classname="tests.api.test_admin_rbac_box_cuts" name="test_doctor_forbidden_waitlist_list" time="0.000"><skipped type="pytest.skip" message="Cannot connect to test DB (invalid password). Set DATABASE_URL_TEST to your test DB, e.g. database=dental_booking_test.">D:\CURSOR\projects\dental_booking\tests\api\test_admin_rbac_box_cuts.py:15: Cannot connect to test DB (invalid password). Set DATABASE_URL_TEST to your test DB, e.g. database=dental_booking_test.</skipped></testcase><testcase classname="tests.api.test_admin_rbac_box_cuts" name="test_doctor_forbidden_retention_segments" time="0.000"><skipped type="pytest.skip" message="Cannot connect to test DB (invalid password). Set DATABASE_URL_TEST to your test DB, e.g. database=dental_booking_test.">D:\CURSOR\projects\dental_booking\tests\api\test_admin_rbac_box_cuts.py:30: Cannot connect to test DB (invalid password). Set DATABASE_URL_TEST to your test DB, e.g. database=dental_booking_test.</skipped></testcase><testcase classname="tests.api.test_admin_rbac_box_cuts" name="test_box_edition_blocks_retention_even_owner" time="0.000"><skipped type="pytest.skip" message="Cannot connect to test DB (invalid password). Set DATABASE_URL_TEST to your test DB, e.g. database=dental_booking_test.">D:\CURSOR\projects\dental_booking\tests\api\test_admin_rbac_box_cuts.py:45: Cannot connect to test DB (invalid password). Set DATABASE_URL_TEST to your test DB, e.g. database=dental_booking_test.</skipped></testcase><testcase classname="tests.api.test_admin_rbac_box_cuts" name="test_box_edition_blocks_crm_pipelines_even_with_view_crm" time="0.000"><skipped type="pytest.skip" message="Cannot connect to test DB (invalid password). Set DATABASE_URL_TEST to your test DB, e.g. database=dental_booking_test.">D:\CURSOR\projects\dental_booking\tests\api\test_admin_rbac_box_cuts.py:62: Cannot connect to test DB (invalid password). Set DATABASE_URL_TEST to your test DB, e.g. database=dental_booking_test.</skipped></testcase><testcase classname="tests.api.test_admin_rbac_management" name="test_rbac_catalog_requires_rbac_manage" time="0.000"><skipped type="pytest.skip" message="Cannot connect to test DB (invalid password). Set DATABASE_URL_TEST to your test DB, e.g. database=dental_booking_test.">D:\CURSOR\projects\dental_booking\tests\api\test_admin_rbac_management.py:8: Cannot connect to test DB (invalid password). Set DATABASE_URL_TEST to your test DB, e.g. database=dental_booking_test.</skipped></testcase><testcase classname="tests.api.test_admin_rbac_management" name="test_owner_can_grant_personal_permission_and_doctor_session_reflects_it" time="0.000"><skipped type="pytest.skip" message="Cannot connect to test DB (invalid password). Set DATABASE_URL_TEST to your test DB, e.g. database=dental_booking_test.">D:\CURSOR\projects\dental_booking\tests\api\test_admin_rbac_management.py:27: Cannot connect to test DB (invalid password). Set DATABASE_URL_TEST to your test DB, e.g. database=dental_booking_test.</skipped></testcase><testcase classname="tests.api.test_admin_rbac_management" name="test_owner_invariants_are_protected" time="0.000"><skipped type="pytest.skip" message="Cannot connect to test DB (invalid password). Set DATABASE_URL_TEST to your test DB, e.g. database=dental_booking_test.">D:\CURSOR\projects\dental_booking\tests\api\test_admin_rbac_management.py:57: Cannot connect to test DB (invalid password). Set DATABASE_URL_TEST to your test DB, e.g. database=dental_booking_test.</skipped></testcase><testcase classname="tests.api.test_admin_rbac_management" name="test_owner_can_create_clinic_role_with_permissions" time="0.000"><skipped type="pytest.skip" message="Cannot connect to test DB (invalid password). Set DATABASE_URL_TEST to your test DB, e.g. database=dental_booking_test.">D:\CURSOR\projects\dental_booking\tests\api\test_admin_rbac_management.py:92: Cannot connect to test DB (invalid password). Set DATABASE_URL_TEST to your test DB, e.g. database=dental_booking_test.</skipped></testcase><testcase classname="tests.api.test_admin_rbac_management" name="test_create_clinic_role_rejects_system_code" time="0.000"><skipped type="pytest.skip" message="Cannot connect to test DB (invalid password). Set DATABASE_URL_TEST to your test DB, e.g. database=dental_booking_test.">D:\CURSOR\projects\dental_booking\tests\api\test_admin_rbac_management.py:117: Cannot connect to test DB (invalid password). Set DATABASE_URL_TEST to your test DB, e.g. database=dental_booking_test.</skipped></testcase><testcase classname="tests.api.test_admin_rbac_management" name="test_create_clinic_role_reserved_code_localized_ru" time="0.000"><skipped type="pytest.skip" message="Cannot connect to test DB (invalid password). Set DATABASE_URL_TEST to your test DB, e.g. database=dental_booking_test.">D:\CURSOR\projects\dental_booking\tests\api\test_admin_rbac_management.py:133: Cannot connect to test DB (invalid password). Set DATABASE_URL_TEST to your test DB, e.g. database=dental_booking_test.</skipped></testcase><testcase classname="tests.api.test_admin_rbac_management" name="test_create_clinic_role_requires_nonempty_permissions" time="0.000"><skipped type="pytest.skip" message="Cannot connect to test DB (invalid password). Set DATABASE_URL_TEST to your test DB, e.g. database=dental_booking_test.">D:\CURSOR\projects\dental_booking\tests\api\test_admin_rbac_management.py:152: Cannot connect to test DB (invalid password). Set DATABASE_URL_TEST to your test DB, e.g. database=dental_booking_test.</skipped></testcase><testcase classname="tests.api.test_admin_rbac_management" name="test_create_clinic_role_forbidden_for_doctor" time="0.000"><skipped type="pytest.skip" message="Cannot connect to test DB (invalid password). Set DATABASE_URL_TEST to your test DB, e.g. database=dental_booking_test.">D:\CURSOR\projects\dental_booking\tests\api\test_admin_rbac_management.py:167: Cannot connect to test DB (invalid password). Set DATABASE_URL_TEST to your test DB, e.g. database=dental_booking_test.</skipped></testcase><testcase classname="tests.api.test_admin_rbac_management" name="test_owner_can_delete_clinic_role_without_users" time="0.000"><skipped type="pytest.skip" message="Cannot connect to test DB (invalid password). Set DATABASE_URL_TEST to your test DB, e.g. database=dental_booking_test.">D:\CURSOR\projects\dental_booking\tests\api\test_admin_rbac_management.py:182: Cannot connect to test DB (invalid password). Set DATABASE_URL_TEST to your test DB, e.g. database=dental_booking_test.</skipped></testcase><testcase classname="tests.api.test_admin_rbac_management" name="test_cannot_delete_global_role" time="0.000"><skipped type="pytest.skip" message="Cannot connect to test DB (invalid password). Set DATABASE_URL_TEST to your test DB, e.g. database=dental_booking_test.">D:\CURSOR\projects\dental_booking\tests\api\test_admin_rbac_management.py:206: Cannot connect to test DB (invalid password). Set DATABASE_URL_TEST to your test DB, e.g. database=dental_booking_test.</skipped></testcase><testcase classname="tests.api.test_admin_reports_erp_endpoints" name="test_erp_revenue_by_period_requires_auth" time="0.000"><skipped type="pytest.skip" message="Cannot connect to test DB (invalid password). Set DATABASE_URL_TEST to your test DB, e.g. database=dental_booking_test.">D:\CURSOR\projects\dental_booking\tests\api\test_admin_reports_erp_endpoints.py:8: Cannot connect to test DB (invalid password). Set DATABASE_URL_TEST to your test DB, e.g. database=dental_booking_test.</skipped></testcase><testcase classname="tests.api.test_admin_reports_erp_endpoints" name="test_erp_revenue_by_period_invalid_period_returns_400" time="0.000"><skipped type="pytest.skip" message="Cannot connect to test DB (invalid password). Set DATABASE_URL_TEST to your test DB, e.g. database=dental_booking_test.">D:\CURSOR\projects\dental_booking\tests\api\test_admin_reports_erp_endpoints.py:18: Cannot connect to test DB (invalid password). Set DATABASE_URL_TEST to your test DB, e.g. database=dental_booking_test.</skipped></testcase><testcase classname="tests.api.test_admin_reports_erp_endpoints" name="test_erp_revenue_by_period_rejects_too_long_range" time="0.001"><skipped type="pytest.skip" message="Cannot connect to test DB (invalid password). Set DATABASE_URL_TEST to your test DB, e.g. database=dental_booking_test.">D:\CURSOR\projects\dental_booking\tests\api\test_admin_reports_erp_endpoints.py:34: Cannot connect to test DB (invalid password). Set DATABASE_URL_TEST to your test DB, e.g. database=dental_booking_test.</skipped></testcase><testcase classname="tests.api.test_admin_session" name="test_admin_session_returns_permissions" time="0.000"><skipped type="pytest.skip" message="Cannot connect to test DB (invalid password). Set DATABASE_URL_TEST to your test DB, e.g. database=dental_booking_test.">D:\CURSOR\projects\dental_booking\tests\api\test_admin_session.py:12: Cannot connect to test DB (invalid password). Set DATABASE_URL_TEST to your test DB, e.g. database=dental_booking_test.</skipped></testcase><testcase classname="tests.api.test_admin_session" name="test_admin_session_requires_auth" time="0.000"><skipped type="pytest.skip" message="Cannot connect to test DB (invalid password). Set DATABASE_URL_TEST to your test DB, e.g. database=dental_booking_test.">D:\CURSOR\projects\dental_booking\tests\api\test_admin_session.py:28: Cannot connect to test DB (invalid password). Set DATABASE_URL_TEST to your test DB, e.g. database=dental_booking_test.</skipped></testcase><testcase classname="tests.api.test_admin_session" name="test_admin_session_rejects_jwt_wrong_audience_when_strict" time="0.001"><skipped type="pytest.skip" message="Cannot connect to test DB (invalid password). Set DATABASE_URL_TEST to your test DB, e.g. database=dental_booking_test.">D:\CURSOR\projects\dental_booking\tests\api\test_admin_session.py:34: Cannot connect to test DB (invalid password). Set DATABASE_URL_TEST to your test DB, e.g. database=dental_booking_test.</skipped></testcase><testcase classname="tests.api.test_admin_staff_directory" name="test_staff_directory_categories_and_cache" time="0.000"><skipped type="pytest.skip" message="Cannot connect to test DB (invalid password). Set DATABASE_URL_TEST to your test DB, e.g. database=dental_booking_test.">D:\CURSOR\projects\dental_booking\tests\api\test_admin_staff_directory.py:19: Cannot connect to test DB (invalid password). Set DATABASE_URL_TEST to your test DB, e.g. database=dental_booking_test.</skipped></testcase><testcase classname="tests.api.test_admin_staff_directory" name="test_staff_directory_forbidden_for_doctor" time="0.000"><skipped type="pytest.skip" message="Cannot connect to test DB (invalid password). Set DATABASE_URL_TEST to your test DB, e.g. database=dental_booking_test.">D:\CURSOR\projects\dental_booking\tests\api\test_admin_staff_directory.py:49: Cannot connect to test DB (invalid password). Set DATABASE_URL_TEST to your test DB, e.g. database=dental_booking_test.</skipped></testcase><testcase classname="tests.api.test_admin_staff_directory" name="test_staff_directory_wrong_clinic_is_hidden" time="0.000"><skipped type="pytest.skip" message="Cannot connect to test DB (invalid password). Set DATABASE_URL_TEST to your test DB, e.g. database=dental_booking_test.">D:\CURSOR\projects\dental_booking\tests\api\test_admin_staff_directory.py:60: Cannot connect to test DB (invalid password). Set DATABASE_URL_TEST to your test DB, e.g. database=dental_booking_test.</skipped></testcase><testcase classname="tests.api.test_admin_staff_directory" name="test_patch_profession_category_for_existing_staff" time="0.000"><skipped type="pytest.skip" message="Cannot connect to test DB (invalid password). Set DATABASE_URL_TEST to your test DB, e.g. database=dental_booking_test.">D:\CURSOR\projects\dental_booking\tests\api\test_admin_staff_directory.py:71: Cannot connect to test DB (invalid password). Set DATABASE_URL_TEST to your test DB, e.g. database=dental_booking_test.</skipped></testcase><testcase classname="tests.api.test_admin_staff_directory" name="test_admin_session_includes_accessible_clinics" time="0.000"><skipped type="pytest.skip" message="Cannot connect to test DB (invalid password). Set DATABASE_URL_TEST to your test DB, e.g. database=dental_booking_test.">D:\CURSOR\projects\dental_booking\tests\api\test_admin_staff_directory.py:113: Cannot connect to test DB (invalid password). Set DATABASE_URL_TEST to your test DB, e.g. database=dental_booking_test.</skipped></testcase><testcase classname="tests.api.test_admin_staff_directory" name="test_create_staff_admin_assigns_user_roles" time="0.000"><skipped type="pytest.skip" message="Cannot connect to test DB (invalid password). Set DATABASE_URL_TEST to your test DB, e.g. database=dental_booking_test.">D:\CURSOR\projects\dental_booking\tests\api\test_admin_staff_directory.py:124: Cannot connect to test DB (invalid password). Set DATABASE_URL_TEST to your test DB, e.g. database=dental_booking_test.</skipped></testcase><testcase classname="tests.api.test_admin_staff_directory" name="test_patch_category_syncs_roles_for_staff_in_category" time="0.000"><skipped type="pytest.skip" message="Cannot connect to test DB (invalid password). Set DATABASE_URL_TEST to your test DB, e.g. database=dental_booking_test.">D:\CURSOR\projects\dental_booking\tests\api\test_admin_staff_directory.py:156: Cannot connect to test DB (invalid password). Set DATABASE_URL_TEST to your test DB, e.g. database=dental_booking_test.</skipped></testcase><testcase classname="tests.api.test_admin_staff_directory" name="test_category_sync_preserves_owner_role" time="0.000"><skipped type="pytest.skip" message="Cannot connect to test DB (invalid password). Set DATABASE_URL_TEST to your test DB, e.g. database=dental_booking_test.">D:\CURSOR\projects\dental_booking\tests\api\test_admin_staff_directory.py:195: Cannot connect to test DB (invalid password). Set DATABASE_URL_TEST to your test DB, e.g. database=dental_booking_test.</skipped></testcase><testcase classname="tests.api.test_admin_staff_directory" name="test_soft_delete_category_clears_profession_fk" time="0.000"><skipped type="pytest.skip" message="Cannot connect to test DB (invalid password). Set DATABASE_URL_TEST to your test DB, e.g. database=dental_booking_test.">D:\CURSOR\projects\dental_booking\tests\api\test_admin_staff_directory.py:228: Cannot connect to test DB (invalid password). Set DATABASE_URL_TEST to your test DB, e.g. database=dental_booking_test.</skipped></testcase><testcase classname="tests.api.test_admin_staff_directory" name="test_soft_delete_category_is_clinic_scoped" time="0.000"><skipped type="pytest.skip" message="Cannot connect to test DB (invalid password). Set DATABASE_URL_TEST to your test DB, e.g. database=dental_booking_test.">D:\CURSOR\projects\dental_booking\tests\api\test_admin_staff_directory.py:272: Cannot connect to test DB (invalid password). Set DATABASE_URL_TEST to your test DB, e.g. database=dental_booking_test.</skipped></testcase><testcase classname="tests.api.test_admin_staff_profile" name="test_staff_profile_card_is_accessible_for_any_admin" time="0.000"><skipped type="pytest.skip" message="Cannot connect to test DB (invalid password). Set DATABASE_URL_TEST to your test DB, e.g. database=dental_booking_test.">D:\CURSOR\projects\dental_booking\tests\api\test_admin_staff_profile.py:10: Cannot connect to test DB (invalid password). Set DATABASE_URL_TEST to your test DB, e.g. database=dental_booking_test.</skipped></testcase><testcase classname="tests.api.test_admin_staff_profile" name="test_staff_profile_card_hides_other_clinic" time="0.001"><skipped type="pytest.skip" message="Cannot connect to test DB (invalid password). Set DATABASE_URL_TEST to your test DB, e.g. database=dental_booking_test.">D:\CURSOR\projects\dental_booking\tests\api\test_admin_staff_profile.py:30: Cannot connect to test DB (invalid password). Set DATABASE_URL_TEST to your test DB, e.g. database=dental_booking_test.</skipped></testcase><testcase classname="tests.api.test_admin_task_boards" name="test_task_boards_list_ensures_default_clinic_board" time="0.001"><skipped type="pytest.skip" message="Cannot connect to test DB (invalid password). Set DATABASE_URL_TEST to your test DB, e.g. database=dental_booking_test.">D:\CURSOR\projects\dental_booking\tests\api\test_admin_task_boards.py:10: Cannot connect to test DB (invalid password). Set DATABASE_URL_TEST to your test DB, e.g. database=dental_booking_test.</skipped></testcase><testcase classname="tests.api.test_admin_task_boards" name="test_task_boards_replace_columns_requires_full_status_set" time="0.000"><skipped type="pytest.skip" message="Cannot connect to test DB (invalid password). Set DATABASE_URL_TEST to your test DB, e.g. database=dental_booking_test.">D:\CURSOR\projects\dental_booking\tests\api\test_admin_task_boards.py:25: Cannot connect to test DB (invalid password). Set DATABASE_URL_TEST to your test DB, e.g. database=dental_booking_test.</skipped></testcase><testcase classname="tests.api.test_admin_task_streams_and_tags" name="test_admin_task_streams_list_includes_general_and_create_stream" time="0.001"><skipped type="pytest.skip" message="Cannot connect to test DB (invalid password). Set DATABASE_URL_TEST to your test DB, e.g. database=dental_booking_test.">D:\CURSOR\projects\dental_booking\tests\api\test_admin_task_streams_and_tags.py:14: Cannot connect to test DB (invalid password). Set DATABASE_URL_TEST to your test DB, e.g. database=dental_booking_test.</skipped></testcase><testcase classname="tests.api.test_admin_task_streams_and_tags" name="test_admin_tasks_filter_by_stream_and_create_with_stream_and_tags" time="0.000"><skipped type="pytest.skip" message="Cannot connect to test DB (invalid password). Set DATABASE_URL_TEST to your test DB, e.g. database=dental_booking_test.">D:\CURSOR\projects\dental_booking\tests\api\test_admin_task_streams_and_tags.py:36: Cannot connect to test DB (invalid password). Set DATABASE_URL_TEST to your test DB, e.g. database=dental_booking_test.</skipped></testcase><testcase classname="tests.api.test_admin_task_streams_and_tags" name="test_admin_tasks_list_rejects_unknown_stream_id" time="0.000"><skipped type="pytest.skip" message="Cannot connect to test DB (invalid password). Set DATABASE_URL_TEST to your test DB, e.g. database=dental_booking_test.">D:\CURSOR\projects\dental_booking\tests\api\test_admin_task_streams_and_tags.py:107: Cannot connect to test DB (invalid password). Set DATABASE_URL_TEST to your test DB, e.g. database=dental_booking_test.</skipped></testcase><testcase classname="tests.api.test_admin_task_streams_and_tags" name="test_admin_tasks_list_rejects_unknown_tag_ids" time="0.000"><skipped type="pytest.skip" message="Cannot connect to test DB (invalid password). Set DATABASE_URL_TEST to your test DB, e.g. database=dental_booking_test.">D:\CURSOR\projects\dental_booking\tests\api\test_admin_task_streams_and_tags.py:118: Cannot connect to test DB (invalid password). Set DATABASE_URL_TEST to your test DB, e.g. database=dental_booking_test.</skipped></testcase><testcase classname="tests.api.test_admin_task_streams_and_tags" name="test_admin_task_stream_slug_conflict" time="0.000"><skipped type="pytest.skip" message="Cannot connect to test DB (invalid password). Set DATABASE_URL_TEST to your test DB, e.g. database=dental_booking_test.">D:\CURSOR\projects\dental_booking\tests\api\test_admin_task_streams_and_tags.py:129: Cannot connect to test DB (invalid password). Set DATABASE_URL_TEST to your test DB, e.g. database=dental_booking_test.</skipped></testcase><testcase classname="tests.api.test_admin_task_streams_and_tags" name="test_admin_tasks_list_allows_archived_stream_filter" time="0.000"><skipped type="pytest.skip" message="Cannot connect to test DB (invalid password). Set DATABASE_URL_TEST to your test DB, e.g. database=dental_booking_test.">D:\CURSOR\projects\dental_booking\tests\api\test_admin_task_streams_and_tags.py:147: Cannot connect to test DB (invalid password). Set DATABASE_URL_TEST to your test DB, e.g. database=dental_booking_test.</skipped></testcase><testcase classname="tests.api.test_admin_task_streams_and_tags" name="test_admin_task_patch_rejects_archived_stream" time="0.000"><skipped type="pytest.skip" message="Cannot connect to test DB (invalid password). Set DATABASE_URL_TEST to your test DB, e.g. database=dental_booking_test.">D:\CURSOR\projects\dental_booking\tests\api\test_admin_task_streams_and_tags.py:178: Cannot connect to test DB (invalid password). Set DATABASE_URL_TEST to your test DB, e.g. database=dental_booking_test.</skipped></testcase><testcase classname="tests.api.test_admin_task_streams_and_tags" name="test_doctor_can_list_streams_and_get_task_list_filter_errors" time="0.000"><skipped type="pytest.skip" message="Cannot connect to test DB (invalid password). Set DATABASE_URL_TEST to your test DB, e.g. database=dental_booking_test.">D:\CURSOR\projects\dental_booking\tests\api\test_admin_task_streams_and_tags.py:212: Cannot connect to test DB (invalid password). Set DATABASE_URL_TEST to your test DB, e.g. database=dental_booking_test.</skipped></testcase><testcase classname="tests.api.test_admin_tasks_rate_limit" name="test_task_comment_rate_limit_returns_structured_429" time="0.000"><skipped type="pytest.skip" message="Cannot connect to test DB (invalid password). Set DATABASE_URL_TEST to your test DB, e.g. database=dental_booking_test.">D:\CURSOR\projects\dental_booking\tests\api\test_admin_tasks_rate_limit.py:8: Cannot connect to test DB (invalid password). Set DATABASE_URL_TEST to your test DB, e.g. database=dental_booking_test.</skipped></testcase><testcase classname="tests.api.test_admin_tasks_rbac" name="test_admin_tasks_requires_auth" time="0.000"><skipped type="pytest.skip" message="Cannot connect to test DB (invalid password). Set DATABASE_URL_TEST to your test DB, e.g. database=dental_booking_test.">D:\CURSOR\projects\dental_booking\tests\api\test_admin_tasks_rbac.py:13: Cannot connect to test DB (invalid password). Set DATABASE_URL_TEST to your test DB, e.g. database=dental_booking_test.</skipped></testcase><testcase classname="tests.api.test_admin_tasks_rbac" name="test_admin_tasks_forbidden_without_permission" time="0.000"><skipped type="pytest.skip" message="Cannot connect to test DB (invalid password). Set DATABASE_URL_TEST to your test DB, e.g. database=dental_booking_test.">D:\CURSOR\projects\dental_booking\tests\api\test_admin_tasks_rbac.py:19: Cannot connect to test DB (invalid password). Set DATABASE_URL_TEST to your test DB, e.g. database=dental_booking_test.</skipped></testcase><testcase classname="tests.api.test_admin_tasks_rbac" name="test_doctor_cannot_bulk_status_or_reorder_or_unblock" time="0.000"><skipped type="pytest.skip" message="Cannot connect to test DB (invalid password). Set DATABASE_URL_TEST to your test DB, e.g. database=dental_booking_test.">D:\CURSOR\projects\dental_booking\tests\api\test_admin_tasks_rbac.py:34: Cannot connect to test DB (invalid password). Set DATABASE_URL_TEST to your test DB, e.g. database=dental_booking_test.</skipped></testcase><testcase classname="tests.api.test_admin_tasks_reorder_concurrency" name="test_admin_tasks_reorder_is_conflict_safe_under_concurrency" time="0.000"><skipped type="pytest.skip" message="Cannot connect to test DB (invalid password). Set DATABASE_URL_TEST to your test DB, e.g. database=dental_booking_test.">D:\CURSOR\projects\dental_booking\tests\api\test_admin_tasks_reorder_concurrency.py:10: Cannot connect to test DB (invalid password). Set DATABASE_URL_TEST to your test DB, e.g. database=dental_booking_test.</skipped></testcase><testcase classname="tests.api.test_admin_tasks_workflow_and_calendar" name="test_admin_tasks_bulk_partial_success_reports_rejected_reason" time="0.000"><skipped type="pytest.skip" message="Cannot connect to test DB (invalid password). Set DATABASE_URL_TEST to your test DB, e.g. database=dental_booking_test.">D:\CURSOR\projects\dental_booking\tests\api\test_admin_tasks_workflow_and_calendar.py:8: Cannot connect to test DB (invalid password). Set DATABASE_URL_TEST to your test DB, e.g. database=dental_booking_test.</skipped></testcase><testcase classname="tests.api.test_admin_tasks_workflow_and_calendar" name="test_admin_tasks_wip_limit_is_enforced_on_status_move" time="0.000"><skipped type="pytest.skip" message="Cannot connect to test DB (invalid password). Set DATABASE_URL_TEST to your test DB, e.g. database=dental_booking_test.">D:\CURSOR\projects\dental_booking\tests\api\test_admin_tasks_workflow_and_calendar.py:53: Cannot connect to test DB (invalid password). Set DATABASE_URL_TEST to your test DB, e.g. database=dental_booking_test.</skipped></testcase><testcase classname="tests.api.test_admin_tasks_workflow_and_calendar" name="test_admin_task_transitions_endpoint_includes_event_metadata" time="0.000"><skipped type="pytest.skip" message="Cannot connect to test DB (invalid password). Set DATABASE_URL_TEST to your test DB, e.g. database=dental_booking_test.">D:\CURSOR\projects\dental_booking\tests\api\test_admin_tasks_workflow_and_calendar.py:89: Cannot connect to test DB (invalid password). Set DATABASE_URL_TEST to your test DB, e.g. database=dental_booking_test.</skipped></testcase><testcase classname="tests.api.test_admin_tasks_workflow_and_calendar" name="test_task_calendar_context_invite_and_ack_visible" time="0.001"><skipped type="pytest.skip" message="Cannot connect to test DB (invalid password). Set DATABASE_URL_TEST to your test DB, e.g. database=dental_booking_test.">D:\CURSOR\projects\dental_booking\tests\api\test_admin_tasks_workflow_and_calendar.py:117: Cannot connect to test DB (invalid password). Set DATABASE_URL_TEST to your test DB, e.g. database=dental_booking_test.</skipped></testcase><testcase classname="tests.api.test_auth" name="test_auth_send_code" time="0.001"><skipped type="pytest.skip" message="Cannot connect to test DB (invalid password). Set DATABASE_URL_TEST to your test DB, e.g. database=dental_booking_test.">D:\CURSOR\projects\dental_booking\tests\api\test_auth.py:7: Cannot connect to test DB (invalid password). Set DATABASE_URL_TEST to your test DB, e.g. database=dental_booking_test.</skipped></testcase><testcase classname="tests.api.test_auth" name="test_auth_verify_code" time="0.000"><skipped type="pytest.skip" message="Cannot connect to test DB (invalid password). Set DATABASE_URL_TEST to your test DB, e.g. database=dental_booking_test.">D:\CURSOR\projects\dental_booking\tests\api\test_auth.py:17: Cannot connect to test DB (invalid password). Set DATABASE_URL_TEST to your test DB, e.g. database=dental_booking_test.</skipped></testcase><testcase classname="tests.api.test_auth_clinic_slug" name="test_agreement_unknown_clinic_slug_400" time="0.000"><skipped type="pytest.skip" message="Cannot connect to test DB (invalid password). Set DATABASE_URL_TEST to your test DB, e.g. database=dental_booking_test.">D:\CURSOR\projects\dental_booking\tests\api\test_auth_clinic_slug.py:7: Cannot connect to test DB (invalid password). Set DATABASE_URL_TEST to your test DB, e.g. database=dental_booking_test.</skipped></testcase><testcase classname="tests.api.test_auth_clinic_slug" name="test_send_code_with_seed_clinic_slug_204" time="0.000"><skipped type="pytest.skip" message="Cannot connect to test DB (invalid password). Set DATABASE_URL_TEST to your test DB, e.g. database=dental_booking_test.">D:\CURSOR\projects\dental_booking\tests\api\test_auth_clinic_slug.py:15: Cannot connect to test DB (invalid password). Set DATABASE_URL_TEST to your test DB, e.g. database=dental_booking_test.</skipped></testcase><testcase classname="tests.api.test_auth_clinic_slug" name="test_send_code_unknown_slug_400" time="0.000"><skipped type="pytest.skip" message="Cannot connect to test DB (invalid password). Set DATABASE_URL_TEST to your test DB, e.g. database=dental_booking_test.">D:\CURSOR\projects\dental_booking\tests\api\test_auth_clinic_slug.py:25: Cannot connect to test DB (invalid password). Set DATABASE_URL_TEST to your test DB, e.g. database=dental_booking_test.</skipped></testcase><testcase classname="tests.api.test_auth_clinic_slug" name="test_send_code_clinic_slug_required_when_flag" time="0.000"><skipped type="pytest.skip" message="Cannot connect to test DB (invalid password). Set DATABASE_URL_TEST to your test DB, e.g. database=dental_booking_test.">D:\CURSOR\projects\dental_booking\tests\api\test_auth_clinic_slug.py:35: Cannot connect to test DB (invalid password). Set DATABASE_URL_TEST to your test DB, e.g. database=dental_booking_test.</skipped></testcase><testcase classname="tests.api.test_auth_oauth" name="test_oauth_vk_start_persists_state_and_redirects" time="0.000"><skipped type="pytest.skip" message="Cannot connect to test DB (invalid password). Set DATABASE_URL_TEST to your test DB, e.g. database=dental_booking_test.">D:\CURSOR\projects\dental_booking\tests\api\test_auth_oauth.py:9: Cannot connect to test DB (invalid password). Set DATABASE_URL_TEST to your test DB, e.g. database=dental_booking_test.</skipped></testcase><testcase classname="tests.api.test_auth_oauth" name="test_oauth_vk_callback_invalid_state_redirects_to_login" time="0.000"><skipped type="pytest.skip" message="Cannot connect to test DB (invalid password). Set DATABASE_URL_TEST to your test DB, e.g. database=dental_booking_test.">D:\CURSOR\projects\dental_booking\tests\api\test_auth_oauth.py:27: Cannot connect to test DB (invalid password). Set DATABASE_URL_TEST to your test DB, e.g. database=dental_booking_test.</skipped></testcase><testcase classname="tests.api.test_auth_oauth" name="test_oauth_vk_callback_error_param_results_in_cancelled" time="0.000"><skipped type="pytest.skip" message="Cannot connect to test DB (invalid password). Set DATABASE_URL_TEST to your test DB, e.g. database=dental_booking_test.">D:\CURSOR\projects\dental_booking\tests\api\test_auth_oauth.py:39: Cannot connect to test DB (invalid password). Set DATABASE_URL_TEST to your test DB, e.g. database=dental_booking_test.</skipped></testcase><testcase classname="tests.api.test_auth_oauth" name="test_oauth_yandex_start_persists_state_and_redirects" time="0.000"><skipped type="pytest.skip" message="Cannot connect to test DB (invalid password). Set DATABASE_URL_TEST to your test DB, e.g. database=dental_booking_test.">D:\CURSOR\projects\dental_booking\tests\api\test_auth_oauth.py:54: Cannot connect to test DB (invalid password). Set DATABASE_URL_TEST to your test DB, e.g. database=dental_booking_test.</skipped></testcase><testcase classname="tests.api.test_auth_oauth" name="test_oauth_yandex_callback_invalid_state_redirects_to_login" time="0.000"><skipped type="pytest.skip" message="Cannot connect to test DB (invalid password). Set DATABASE_URL_TEST to your test DB, e.g. database=dental_booking_test.">D:\CURSOR\projects\dental_booking\tests\api\test_auth_oauth.py:71: Cannot connect to test DB (invalid password). Set DATABASE_URL_TEST to your test DB, e.g. database=dental_booking_test.</skipped></testcase><testcase classname="tests.api.test_auth_oauth" name="test_oauth_yandex_callback_error_param_results_in_cancelled" time="0.000"><skipped type="pytest.skip" message="Cannot connect to test DB (invalid password). Set DATABASE_URL_TEST to your test DB, e.g. database=dental_booking_test.">D:\CURSOR\projects\dental_booking\tests\api\test_auth_oauth.py:83: Cannot connect to test DB (invalid password). Set DATABASE_URL_TEST to your test DB, e.g. database=dental_booking_test.</skipped></testcase><testcase classname="tests.api.test_auth_turnstile_adaptive" name="test_auth_send_code_requires_captcha_after_soft_limit" time="0.000"><skipped type="pytest.skip" message="Cannot connect to test DB (invalid password). Set DATABASE_URL_TEST to your test DB, e.g. database=dental_booking_test.">D:\CURSOR\projects\dental_booking\tests\api\test_auth_turnstile_adaptive.py:9: Cannot connect to test DB (invalid password). Set DATABASE_URL_TEST to your test DB, e.g. database=dental_booking_test.</skipped></testcase><testcase classname="tests.api.test_auth_turnstile_adaptive" name="test_auth_send_code_allows_with_valid_captcha_after_soft_limit" time="0.001"><skipped type="pytest.skip" message="Cannot connect to test DB (invalid password). Set DATABASE_URL_TEST to your test DB, e.g. database=dental_booking_test.">D:\CURSOR\projects\dental_booking\tests\api\test_auth_turnstile_adaptive.py:27: Cannot connect to test DB (invalid password). Set DATABASE_URL_TEST to your test DB, e.g. database=dental_booking_test.</skipped></testcase><testcase classname="tests.api.test_bookings" name="test_create_patient_booking" time="0.000"><skipped type="pytest.skip" message="Cannot connect to test DB (invalid password). Set DATABASE_URL_TEST to your test DB, e.g. database=dental_booking_test.">D:\CURSOR\projects\dental_booking\tests\api\test_bookings.py:13: Cannot connect to test DB (invalid password). Set DATABASE_URL_TEST to your test DB, e.g. database=dental_booking_test.</skipped></testcase><testcase classname="tests.api.test_bookings" name="test_create_patient_booking_clinic_mismatch_returns_400" time="0.000"><skipped type="pytest.skip" message="Cannot connect to test DB (invalid password). Set DATABASE_URL_TEST to your test DB, e.g. database=dental_booking_test.">D:\CURSOR\projects\dental_booking\tests\api\test_bookings.py:40: Cannot connect to test DB (invalid password). Set DATABASE_URL_TEST to your test DB, e.g. database=dental_booking_test.</skipped></testcase><testcase classname="tests.api.test_bookings" name="test_patient_booking_rejects_jwt_wrong_audience_when_strict" time="0.000"><skipped type="pytest.skip" message="Cannot connect to test DB (invalid password). Set DATABASE_URL_TEST to your test DB, e.g. database=dental_booking_test.">D:\CURSOR\projects\dental_booking\tests\api\test_bookings.py:65: Cannot connect to test DB (invalid password). Set DATABASE_URL_TEST to your test DB, e.g. database=dental_booking_test.</skipped></testcase><testcase classname="tests.api.test_bookings" name="test_patient_can_rebook_same_slot_after_cancel" time="0.000"><skipped type="pytest.skip" message="Cannot connect to test DB (invalid password). Set DATABASE_URL_TEST to your test DB, e.g. database=dental_booking_test.">D:\CURSOR\projects\dental_booking\tests\api\test_bookings.py:95: Cannot connect to test DB (invalid password). Set DATABASE_URL_TEST to your test DB, e.g. database=dental_booking_test.</skipped></testcase><testcase classname="tests.api.test_doctors" name="test_get_doctors" time="0.000"><skipped type="pytest.skip" message="Cannot connect to test DB (invalid password). Set DATABASE_URL_TEST to your test DB, e.g. database=dental_booking_test.">D:\CURSOR\projects\dental_booking\tests\api\test_doctors.py:7: Cannot connect to test DB (invalid password). Set DATABASE_URL_TEST to your test DB, e.g. database=dental_booking_test.</skipped></testcase><testcase classname="tests.api.test_erp_refresh_rbac" name="test_post_refresh_attribution_requires_attribution_permission" time="0.000"><skipped type="pytest.skip" message="Cannot connect to test DB (invalid password). Set DATABASE_URL_TEST to your test DB, e.g. database=dental_booking_test.">D:\CURSOR\projects\dental_booking\tests\api\test_erp_refresh_rbac.py:11: Cannot connect to test DB (invalid password). Set DATABASE_URL_TEST to your test DB, e.g. database=dental_booking_test.</skipped></testcase><testcase classname="tests.api.test_erp_refresh_rbac" name="test_post_refresh_all_requires_attribution_permission" time="0.000"><skipped type="pytest.skip" message="Cannot connect to test DB (invalid password). Set DATABASE_URL_TEST to your test DB, e.g. database=dental_booking_test.">D:\CURSOR\projects\dental_booking\tests\api\test_erp_refresh_rbac.py:49: Cannot connect to test DB (invalid password). Set DATABASE_URL_TEST to your test DB, e.g. database=dental_booking_test.</skipped></testcase><testcase classname="tests.api.test_frontend_integration" name="test_health" time="0.000"><skipped type="pytest.skip" message="Cannot connect to test DB (invalid password). Set DATABASE_URL_TEST to your test DB, e.g. database=dental_booking_test.">D:\CURSOR\projects\dental_booking\tests\api\test_frontend_integration.py:13: Cannot connect to test DB (invalid password). Set DATABASE_URL_TEST to your test DB, e.g. database=dental_booking_test.</skipped></testcase><testcase classname="tests.api.test_frontend_integration" name="test_auth_send_code" time="0.000"><skipped type="pytest.skip" message="Cannot connect to test DB (invalid password). Set DATABASE_URL_TEST to your test DB, e.g. database=dental_booking_test.">D:\CURSOR\projects\dental_booking\tests\api\test_frontend_integration.py:20: Cannot connect to test DB (invalid password). Set DATABASE_URL_TEST to your test DB, e.g. database=dental_booking_test.</skipped></testcase><testcase classname="tests.api.test_frontend_integration" name="test_doctors_list" time="0.000"><skipped type="pytest.skip" message="Cannot connect to test DB (invalid password). Set DATABASE_URL_TEST to your test DB, e.g. database=dental_booking_test.">D:\CURSOR\projects\dental_booking\tests\api\test_frontend_integration.py:27: Cannot connect to test DB (invalid password). Set DATABASE_URL_TEST to your test DB, e.g. database=dental_booking_test.</skipped></testcase><testcase classname="tests.api.test_frontend_integration" name="test_services_list" time="0.000"><skipped type="pytest.skip" message="Cannot connect to test DB (invalid password). Set DATABASE_URL_TEST to your test DB, e.g. database=dental_booking_test.">D:\CURSOR\projects\dental_booking\tests\api\test_frontend_integration.py:35: Cannot connect to test DB (invalid password). Set DATABASE_URL_TEST to your test DB, e.g. database=dental_booking_test.</skipped></testcase><testcase classname="tests.api.test_frontend_integration" name="test_doctor_schedule" time="0.000"><skipped type="pytest.skip" message="Cannot connect to test DB (invalid password). Set DATABASE_URL_TEST to your test DB, e.g. database=dental_booking_test.">D:\CURSOR\projects\dental_booking\tests\api\test_frontend_integration.py:43: Cannot connect to test DB (invalid password). Set DATABASE_URL_TEST to your test DB, e.g. database=dental_booking_test.</skipped></testcase><testcase classname="tests.api.test_frontend_integration" name="test_admin_bookings_list" time="0.000"><skipped type="pytest.skip" message="Cannot connect to test DB (invalid password). Set DATABASE_URL_TEST to your test DB, e.g. database=dental_booking_test.">D:\CURSOR\projects\dental_booking\tests\api\test_frontend_integration.py:60: Cannot connect to test DB (invalid password). Set DATABASE_URL_TEST to your test DB, e.g. database=dental_booking_test.</skipped></testcase><testcase classname="tests.api.test_frontend_integration" name="test_reports_dashboard" time="0.000"><skipped type="pytest.skip" message="Cannot connect to test DB (invalid password). Set DATABASE_URL_TEST to your test DB, e.g. database=dental_booking_test.">D:\CURSOR\projects\dental_booking\tests\api\test_frontend_integration.py:69: Cannot connect to test DB (invalid password). Set DATABASE_URL_TEST to your test DB, e.g. database=dental_booking_test.</skipped></testcase><testcase classname="tests.api.test_frontend_integration" name="test_reports_no_show" time="0.000"><skipped type="pytest.skip" message="Cannot connect to test DB (invalid password). Set DATABASE_URL_TEST to your test DB, e.g. database=dental_booking_test.">D:\CURSOR\projects\dental_booking\tests\api\test_frontend_integration.py:83: Cannot connect to test DB (invalid password). Set DATABASE_URL_TEST to your test DB, e.g. database=dental_booking_test.</skipped></testcase><testcase classname="tests.api.test_frontend_integration" name="test_reports_revenue" time="0.000"><skipped type="pytest.skip" message="Cannot connect to test DB (invalid password). Set DATABASE_URL_TEST to your test DB, e.g. database=dental_booking_test.">D:\CURSOR\projects\dental_booking\tests\api\test_frontend_integration.py:95: Cannot connect to test DB (invalid password). Set DATABASE_URL_TEST to your test DB, e.g. database=dental_booking_test.</skipped></testcase><testcase classname="tests.api.test_frontend_integration" name="test_patients_list" time="0.000"><skipped type="pytest.skip" message="Cannot connect to test DB (invalid password). Set DATABASE_URL_TEST to your test DB, e.g. database=dental_booking_test.">D:\CURSOR\projects\dental_booking\tests\api\test_frontend_integration.py:107: Cannot connect to test DB (invalid password). Set DATABASE_URL_TEST to your test DB, e.g. database=dental_booking_test.</skipped></testcase><testcase classname="tests.api.test_frontend_integration" name="test_admin_doctor_schedule" time="0.000"><skipped type="pytest.skip" message="Cannot connect to test DB (invalid password). Set DATABASE_URL_TEST to your test DB, e.g. database=dental_booking_test.">D:\CURSOR\projects\dental_booking\tests\api\test_frontend_integration.py:116: Cannot connect to test DB (invalid password). Set DATABASE_URL_TEST to your test DB, e.g. database=dental_booking_test.</skipped></testcase><testcase classname="tests.api.test_health" name="test_health" time="0.000"><skipped type="pytest.skip" message="Cannot connect to test DB (invalid password). Set DATABASE_URL_TEST to your test DB, e.g. database=dental_booking_test.">D:\CURSOR\projects\dental_booking\tests\api\test_health.py:7: Cannot connect to test DB (invalid password). Set DATABASE_URL_TEST to your test DB, e.g. database=dental_booking_test.</skipped></testcase><testcase classname="tests.api.test_health_wave5" name="test_health_replica_shape" time="0.007" /><testcase classname="tests.api.test_integrations_gateway" name="test_telegram_webhook_persists_inbound_message" time="0.000"><skipped type="pytest.skip" message="Cannot connect to test DB (invalid password). Set DATABASE_URL_TEST to your test DB, e.g. database=dental_booking_test.">D:\CURSOR\projects\dental_booking\tests\api\test_integrations_gateway.py:12: Cannot connect to test DB (invalid password). Set DATABASE_URL_TEST to your test DB, e.g. database=dental_booking_test.</skipped></testcase><testcase classname="tests.api.test_integrations_gateway" name="test_webchat_inbound_persists_message" time="0.000"><skipped type="pytest.skip" message="Cannot connect to test DB (invalid password). Set DATABASE_URL_TEST to your test DB, e.g. database=dental_booking_test.">D:\CURSOR\projects\dental_booking\tests\api\test_integrations_gateway.py:59: Cannot connect to test DB (invalid password). Set DATABASE_URL_TEST to your test DB, e.g. database=dental_booking_test.</skipped></testcase><testcase classname="tests.api.test_integrations_gateway" name="test_duplicate_webhook_same_external_message_id_no_duplicate" time="0.000"><skipped type="pytest.skip" message="Cannot connect to test DB (invalid password). Set DATABASE_URL_TEST to your test DB, e.g. database=dental_booking_test.">D:\CURSOR\projects\dental_booking\tests\api\test_integrations_gateway.py:88: Cannot connect to test DB (invalid password). Set DATABASE_URL_TEST to your test DB, e.g. database=dental_booking_test.</skipped></testcase><testcase classname="tests.api.test_integrations_gateway_whatsapp" name="test_whatsapp_webhook_creates_contact_chat_message_with_channel" time="0.000"><skipped type="pytest.skip" message="Cannot connect to test DB (invalid password). Set DATABASE_URL_TEST to your test DB, e.g. database=dental_booking_test.">D:\CURSOR\projects\dental_booking\tests\api\test_integrations_gateway_whatsapp.py:13: Cannot connect to test DB (invalid password). Set DATABASE_URL_TEST to your test DB, e.g. database=dental_booking_test.</skipped></testcase><testcase classname="tests.api.test_manual_refresh_audit" name="test_post_refresh_erp_aggregates_creates_audit_row" time="0.000"><skipped type="pytest.skip" message="Cannot connect to test DB (invalid password). Set DATABASE_URL_TEST to your test DB, e.g. database=dental_booking_test.">D:\CURSOR\projects\dental_booking\tests\api\test_manual_refresh_audit.py:13: Cannot connect to test DB (invalid password). Set DATABASE_URL_TEST to your test DB, e.g. database=dental_booking_test.</skipped></testcase><testcase classname="tests.api.test_organization_entitlements_rls" name="test_organization_entitlements_rls_filters_when_enforced" time="0.000"><skipped type="pytest.skip" message="Cannot connect to test DB (invalid password). Set DATABASE_URL_TEST to your test DB, e.g. database=dental_booking_test.">D:\CURSOR\projects\dental_booking\tests\api\test_organization_entitlements_rls.py:13: Cannot connect to test DB (invalid password). Set DATABASE_URL_TEST to your test DB, e.g. database=dental_booking_test.</skipped></testcase><testcase classname="tests.api.test_owner_omni_ai_settings" name="test_owner_get_and_update_omni_ai_settings_business_and_channel" time="0.000"><skipped type="pytest.skip" message="Cannot connect to test DB (invalid password). Set DATABASE_URL_TEST to your test DB, e.g. database=dental_booking_test.">D:\CURSOR\projects\dental_booking\tests\api\test_owner_omni_ai_settings.py:12: Cannot connect to test DB (invalid password). Set DATABASE_URL_TEST to your test DB, e.g. database=dental_booking_test.</skipped></testcase><testcase classname="tests.api.test_owner_omni_ai_settings" name="test_owner_omni_ai_settings_rejects_invalid_mode" time="0.000"><skipped type="pytest.skip" message="Cannot connect to test DB (invalid password). Set DATABASE_URL_TEST to your test DB, e.g. database=dental_booking_test.">D:\CURSOR\projects\dental_booking\tests\api\test_owner_omni_ai_settings.py:89: Cannot connect to test DB (invalid password). Set DATABASE_URL_TEST to your test DB, e.g. database=dental_booking_test.</skipped></testcase><testcase classname="tests.api.test_owner_omni_audit" name="test_owner_audit_log_list_and_filters" time="0.000"><skipped type="pytest.skip" message="Cannot connect to test DB (invalid password). Set DATABASE_URL_TEST to your test DB, e.g. database=dental_booking_test.">D:\CURSOR\projects\dental_booking\tests\api\test_owner_omni_audit.py:10: Cannot connect to test DB (invalid password). Set DATABASE_URL_TEST to your test DB, e.g. database=dental_booking_test.</skipped></testcase><testcase classname="tests.api.test_owner_omni_channels" name="test_owner_create_and_list_channels" time="0.000"><skipped type="pytest.skip" message="Cannot connect to test DB (invalid password). Set DATABASE_URL_TEST to your test DB, e.g. database=dental_booking_test.">D:\CURSOR\projects\dental_booking\tests\api\test_owner_omni_channels.py:18: Cannot connect to test DB (invalid password). Set DATABASE_URL_TEST to your test DB, e.g. database=dental_booking_test.</skipped></testcase><testcase classname="tests.api.test_owner_omni_channels" name="test_owner_set_credentials_and_visibility" time="0.000"><skipped type="pytest.skip" message="Cannot connect to test DB (invalid password). Set DATABASE_URL_TEST to your test DB, e.g. database=dental_booking_test.">D:\CURSOR\projects\dental_booking\tests\api\test_owner_omni_channels.py:58: Cannot connect to test DB (invalid password). Set DATABASE_URL_TEST to your test DB, e.g. database=dental_booking_test.</skipped></testcase><testcase classname="tests.api.test_owner_omni_channels" name="test_owner_cannot_access_foreign_channel" time="0.000"><skipped type="pytest.skip" message="Cannot connect to test DB (invalid password). Set DATABASE_URL_TEST to your test DB, e.g. database=dental_booking_test.">D:\CURSOR\projects\dental_booking\tests\api\test_owner_omni_channels.py:152: Cannot connect to test DB (invalid password). Set DATABASE_URL_TEST to your test DB, e.g. database=dental_booking_test.</skipped></testcase><testcase classname="tests.api.test_p2_clients_schedule" name="test_admin_patch_booking_notes" time="0.001"><skipped type="pytest.skip" message="Cannot connect to test DB (invalid password). Set DATABASE_URL_TEST to your test DB, e.g. database=dental_booking_test.">D:\CURSOR\projects\dental_booking\tests\api\test_p2_clients_schedule.py:7: Cannot connect to test DB (invalid password). Set DATABASE_URL_TEST to your test DB, e.g. database=dental_booking_test.</skipped></testcase><testcase classname="tests.api.test_p2_clients_schedule" name="test_admin_put_booking_status_pending_to_confirmed" time="0.001"><skipped type="pytest.skip" message="Cannot connect to test DB (invalid password). Set DATABASE_URL_TEST to your test DB, e.g. database=dental_booking_test.">D:\CURSOR\projects\dental_booking\tests\api\test_p2_clients_schedule.py:42: Cannot connect to test DB (invalid password). Set DATABASE_URL_TEST to your test DB, e.g. database=dental_booking_test.</skipped></testcase><testcase classname="tests.api.test_p2_clients_schedule" name="test_admin_patch_booking_rejects_status_field" time="0.000"><skipped type="pytest.skip" message="Cannot connect to test DB (invalid password). Set DATABASE_URL_TEST to your test DB, e.g. database=dental_booking_test.">D:\CURSOR\projects\dental_booking\tests\api\test_p2_clients_schedule.py:73: Cannot connect to test DB (invalid password). Set DATABASE_URL_TEST to your test DB, e.g. database=dental_booking_test.</skipped></testcase><testcase classname="tests.api.test_p2_clients_schedule" name="test_patients_list_requires_auth" time="0.000"><skipped type="pytest.skip" message="Cannot connect to test DB (invalid password). Set DATABASE_URL_TEST to your test DB, e.g. database=dental_booking_test.">D:\CURSOR\projects\dental_booking\tests\api\test_p2_clients_schedule.py:103: Cannot connect to test DB (invalid password). Set DATABASE_URL_TEST to your test DB, e.g. database=dental_booking_test.</skipped></testcase><testcase classname="tests.api.test_p2_clients_schedule" name="test_patients_list_forbidden_for_doctor_role" time="0.000"><skipped type="pytest.skip" message="Cannot connect to test DB (invalid password). Set DATABASE_URL_TEST to your test DB, e.g. database=dental_booking_test.">D:\CURSOR\projects\dental_booking\tests\api\test_p2_clients_schedule.py:113: Cannot connect to test DB (invalid password). Set DATABASE_URL_TEST to your test DB, e.g. database=dental_booking_test.</skipped></testcase><testcase classname="tests.api.test_p2_clients_schedule" name="test_patients_visit_dates_invalid_order" time="0.000"><skipped type="pytest.skip" message="Cannot connect to test DB (invalid password). Set DATABASE_URL_TEST to your test DB, e.g. database=dental_booking_test.">D:\CURSOR\projects\dental_booking\tests\api\test_p2_clients_schedule.py:121: Cannot connect to test DB (invalid password). Set DATABASE_URL_TEST to your test DB, e.g. database=dental_booking_test.</skipped></testcase><testcase classname="tests.api.test_p2_clients_schedule" name="test_patients_visit_filter_by_date" time="0.000"><skipped type="pytest.skip" message="Cannot connect to test DB (invalid password). Set DATABASE_URL_TEST to your test DB, e.g. database=dental_booking_test.">D:\CURSOR\projects\dental_booking\tests\api\test_p2_clients_schedule.py:132: Cannot connect to test DB (invalid password). Set DATABASE_URL_TEST to your test DB, e.g. database=dental_booking_test.</skipped></testcase><testcase classname="tests.api.test_patient_chat" name="test_get_or_create_conversation" time="0.000"><skipped type="pytest.skip" message="Cannot connect to test DB (invalid password). Set DATABASE_URL_TEST to your test DB, e.g. database=dental_booking_test.">D:\CURSOR\projects\dental_booking\tests\api\test_patient_chat.py:13: Cannot connect to test DB (invalid password). Set DATABASE_URL_TEST to your test DB, e.g. database=dental_booking_test.</skipped></testcase><testcase classname="tests.api.test_patient_chat" name="test_get_conversation_messages" time="0.000"><skipped type="pytest.skip" message="Cannot connect to test DB (invalid password). Set DATABASE_URL_TEST to your test DB, e.g. database=dental_booking_test.">D:\CURSOR\projects\dental_booking\tests\api\test_patient_chat.py:28: Cannot connect to test DB (invalid password). Set DATABASE_URL_TEST to your test DB, e.g. database=dental_booking_test.</skipped></testcase><testcase classname="tests.api.test_patient_chat" name="test_send_patient_message" time="0.000"><skipped type="pytest.skip" message="Cannot connect to test DB (invalid password). Set DATABASE_URL_TEST to your test DB, e.g. database=dental_booking_test.">D:\CURSOR\projects\dental_booking\tests\api\test_patient_chat.py:43: Cannot connect to test DB (invalid password). Set DATABASE_URL_TEST to your test DB, e.g. database=dental_booking_test.</skipped></testcase><testcase classname="tests.api.test_patient_chat" name="test_patient_chat_dedup_returns_same_message_id" time="0.000"><skipped type="pytest.skip" message="Cannot connect to test DB (invalid password). Set DATABASE_URL_TEST to your test DB, e.g. database=dental_booking_test.">D:\CURSOR\projects\dental_booking\tests\api\test_patient_chat.py:62: Cannot connect to test DB (invalid password). Set DATABASE_URL_TEST to your test DB, e.g. database=dental_booking_test.</skipped></testcase><testcase classname="tests.api.test_patient_chat" name="test_patient_chat_rate_limit_429" time="0.001"><skipped type="pytest.skip" message="Cannot connect to test DB (invalid password). Set DATABASE_URL_TEST to your test DB, e.g. database=dental_booking_test.">D:\CURSOR\projects\dental_booking\tests\api\test_patient_chat.py:81: Cannot connect to test DB (invalid password). Set DATABASE_URL_TEST to your test DB, e.g. database=dental_booking_test.</skipped></testcase><testcase classname="tests.api.test_patient_chat" name="test_patient_chat_upload_magic_mismatch_rejected" time="0.000"><skipped type="pytest.skip" message="Cannot connect to test DB (invalid password). Set DATABASE_URL_TEST to your test DB, e.g. database=dental_booking_test.">D:\CURSOR\projects\dental_booking\tests\api\test_patient_chat.py:103: Cannot connect to test DB (invalid password). Set DATABASE_URL_TEST to your test DB, e.g. database=dental_booking_test.</skipped></testcase><testcase classname="tests.api.test_patient_forms" name="test_patient_forms_pending_and_submit" time="0.001"><skipped type="pytest.skip" message="Cannot connect to test DB (invalid password). Set DATABASE_URL_TEST to your test DB, e.g. database=dental_booking_test.">D:\CURSOR\projects\dental_booking\tests\api\test_patient_forms.py:10: Cannot connect to test DB (invalid password). Set DATABASE_URL_TEST to your test DB, e.g. database=dental_booking_test.</skipped></testcase><testcase classname="tests.api.test_payments" name="test_payments_webhook" time="0.000"><skipped type="pytest.skip" message="Cannot connect to test DB (invalid password). Set DATABASE_URL_TEST to your test DB, e.g. database=dental_booking_test.">D:\CURSOR\projects\dental_booking\tests\api\test_payments.py:16: Cannot connect to test DB (invalid password). Set DATABASE_URL_TEST to your test DB, e.g. database=dental_booking_test.</skipped></testcase><testcase classname="tests.api.test_payments" name="test_payments_webhook_succeeded_twice_idempotent" time="0.000"><skipped type="pytest.skip" message="Cannot connect to test DB (invalid password). Set DATABASE_URL_TEST to your test DB, e.g. database=dental_booking_test.">D:\CURSOR\projects\dental_booking\tests\api\test_payments.py:34: Cannot connect to test DB (invalid password). Set DATABASE_URL_TEST to your test DB, e.g. database=dental_booking_test.</skipped></testcase><testcase classname="tests.api.test_payments" name="test_payments_webhook_yookassa_unavailable_returns_502" time="0.000"><skipped type="pytest.skip" message="Cannot connect to test DB (invalid password). Set DATABASE_URL_TEST to your test DB, e.g. database=dental_booking_test.">D:\CURSOR\projects\dental_booking\tests\api\test_payments.py:114: Cannot connect to test DB (invalid password). Set DATABASE_URL_TEST to your test DB, e.g. database=dental_booking_test.</skipped></testcase><testcase classname="tests.api.test_payments" name="test_payments_webhook_optional_secret_header" time="0.000"
[...]
tegrations_config_service" name="test_store_integration_secret_creates_config_and_audit" time="0.000"><skipped type="pytest.skip" message="Cannot connect to test DB (invalid password). Set DATABASE_URL_TEST to your test DB, e.g. database=dental_booking_test.">D:\CURSOR\projects\dental_booking\tests\services\test_omnichannel_integrations_config_service.py:20: Cannot connect to test DB (invalid password). Set DATABASE_URL_TEST to your test DB, e.g. database=dental_booking_test.</skipped></testcase><testcase classname="tests.services.test_omnichannel_integrations_config_service" name="test_store_integration_secret_updates_config_and_audit_rotated" time="0.000"><skipped type="pytest.skip" message="Cannot connect to test DB (invalid password). Set DATABASE_URL_TEST to your test DB, e.g. database=dental_booking_test.">D:\CURSOR\projects\dental_booking\tests\services\test_omnichannel_integrations_config_service.py:65: Cannot connect to test DB (invalid password). Set DATABASE_URL_TEST to your test DB, e.g. database=dental_booking_test.</skipped></testcase><testcase classname="tests.services.test_omnichannel_integrations_config_service" name="test_get_integration_secret_decrypts_for_system_processes" time="0.000"><skipped type="pytest.skip" message="Cannot connect to test DB (invalid password). Set DATABASE_URL_TEST to your test DB, e.g. database=dental_booking_test.">D:\CURSOR\projects\dental_booking\tests\services\test_omnichannel_integrations_config_service.py:117: Cannot connect to test DB (invalid password). Set DATABASE_URL_TEST to your test DB, e.g. database=dental_booking_test.</skipped></testcase><testcase classname="tests.services.test_omnichannel_integrations_config_service" name="test_update_status_logs_audit_and_handles_revoked" time="0.000"><skipped type="pytest.skip" message="Cannot connect to test DB (invalid password). Set DATABASE_URL_TEST to your test DB, e.g. database=dental_booking_test.">D:\CURSOR\projects\dental_booking\tests\services\test_omnichannel_integrations_config_service.py:141: Cannot connect to test DB (invalid password). Set DATABASE_URL_TEST to your test DB, e.g. database=dental_booking_test.</skipped></testcase><testcase classname="tests.services.test_omnichannel_integrations_config_service" name="test_get_telegram_admin_chat_id_for_clinic_from_credentials" time="0.001"><skipped type="pytest.skip" message="Cannot connect to test DB (invalid password). Set DATABASE_URL_TEST to your test DB, e.g. database=dental_booking_test.">D:\CURSOR\projects\dental_booking\tests\services\test_omnichannel_integrations_config_service.py:185: Cannot connect to test DB (invalid password). Set DATABASE_URL_TEST to your test DB, e.g. database=dental_booking_test.</skipped></testcase><testcase classname="tests.services.test_omnichannel_integrations_config_service" name="test_get_telegram_admin_chat_id_for_clinic_no_channel_returns_none_or_settings" time="0.001"><skipped type="pytest.skip" message="Cannot connect to test DB (invalid password). Set DATABASE_URL_TEST to your test DB, e.g. database=dental_booking_test.">D:\CURSOR\projects\dental_booking\tests\services\test_omnichannel_integrations_config_service.py:220: Cannot connect to test DB (invalid password). Set DATABASE_URL_TEST to your test DB, e.g. database=dental_booking_test.</skipped></testcase><testcase classname="tests.services.test_tasks_attention_status" name="test_attention_follow_up_status_changes_with_tasks" time="0.001"><skipped type="pytest.skip" message="Cannot connect to test DB (invalid password). Set DATABASE_URL_TEST to your test DB, e.g. database=dental_booking_test.">D:\CURSOR\projects\dental_booking\tests\services\test_tasks_attention_status.py:41: Cannot connect to test DB (invalid password). Set DATABASE_URL_TEST to your test DB, e.g. database=dental_booking_test.</skipped></testcase><testcase classname="tests.services.test_tasks_attention_status" name="test_attention_retention_and_conflict_status_aggregation" time="0.001"><skipped type="pytest.skip" message="Cannot connect to test DB (invalid password). Set DATABASE_URL_TEST to your test DB, e.g. database=dental_booking_test.">D:\CURSOR\projects\dental_booking\tests\services\test_tasks_attention_status.py:129: Cannot connect to test DB (invalid password). Set DATABASE_URL_TEST to your test DB, e.g. database=dental_booking_test.</skipped></testcase><testcase classname="tests.services.test_tasks_attention_status" name="test_attention_task_mapping_by_kind_and_ref_id" time="0.001"><skipped type="pytest.skip" message="Cannot connect to test DB (invalid password). Set DATABASE_URL_TEST to your test DB, e.g. database=dental_booking_test.">D:\CURSOR\projects\dental_booking\tests\services\test_tasks_attention_status.py:224: Cannot connect to test DB (invalid password). Set DATABASE_URL_TEST to your test DB, e.g. database=dental_booking_test.</skipped></testcase><testcase classname="tests.services.test_unified_chat_bridge" name="test_web_app_channel_get_or_create" time="0.000"><skipped type="pytest.skip" message="Cannot connect to test DB (invalid password). Set DATABASE_URL_TEST to your test DB, e.g. database=dental_booking_test.">D:\CURSOR\projects\dental_booking\tests\services\test_unified_chat_bridge.py:16: Cannot connect to test DB (invalid password). Set DATABASE_URL_TEST to your test DB, e.g. database=dental_booking_test.</skipped></testcase><testcase classname="tests.services.test_unified_chat_bridge" name="test_get_or_create_contact_for_patient" time="0.000"><skipped type="pytest.skip" message="Cannot connect to test DB (invalid password). Set DATABASE_URL_TEST to your test DB, e.g. database=dental_booking_test.">D:\CURSOR\projects\dental_booking\tests\services\test_unified_chat_bridge.py:37: Cannot connect to test DB (invalid password). Set DATABASE_URL_TEST to your test DB, e.g. database=dental_booking_test.</skipped></testcase><testcase classname="tests.services.test_unified_chat_bridge" name="test_bridge_pwa_to_omni_integration" time="0.000"><skipped type="pytest.skip" message="Cannot connect to test DB (invalid password). Set DATABASE_URL_TEST to your test DB, e.g. database=dental_booking_test.">D:\CURSOR\projects\dental_booking\tests\services\test_unified_chat_bridge.py:62: Cannot connect to test DB (invalid password). Set DATABASE_URL_TEST to your test DB, e.g. database=dental_booking_test.</skipped></testcase><testcase classname="tests.services.test_unified_chat_bridge" name="test_web_app_dispatcher_admin_reply_to_pwa" time="0.000"><skipped type="pytest.skip" message="Cannot connect to test DB (invalid password). Set DATABASE_URL_TEST to your test DB, e.g. database=dental_booking_test.">D:\CURSOR\projects\dental_booking\tests\services\test_unified_chat_bridge.py:126: Cannot connect to test DB (invalid password). Set DATABASE_URL_TEST to your test DB, e.g. database=dental_booking_test.</skipped></testcase><testcase classname="tests.services.test_unified_chat_bridge" name="test_bridge_idempotent_no_duplicate_omni_message" time="0.000"><skipped type="pytest.skip" message="Cannot connect to test DB (invalid password). Set DATABASE_URL_TEST to your test DB, e.g. database=dental_booking_test.">D:\CURSOR\projects\dental_booking\tests\services\test_unified_chat_bridge.py:190: Cannot connect to test DB (invalid password). Set DATABASE_URL_TEST to your test DB, e.g. database=dental_booking_test.</skipped></testcase><testcase classname="tests.services.test_waitlist_service" name="test_create_and_cancel_entry" time="0.000"><skipped type="pytest.skip" message="Cannot connect to test DB (invalid password). Set DATABASE_URL_TEST to your test DB, e.g. database=dental_booking_test.">D:\CURSOR\projects\dental_booking\tests\services\test_waitlist_service.py:22: Cannot connect to test DB (invalid password). Set DATABASE_URL_TEST to your test DB, e.g. database=dental_booking_test.</skipped></testcase><testcase classname="tests.services.test_waitlist_service" name="test_cannot_set_booked_via_update" time="0.001"><skipped type="pytest.skip" message="Cannot connect to test DB (invalid password). Set DATABASE_URL_TEST to your test DB, e.g. database=dental_booking_test.">D:\CURSOR\projects\dental_booking\tests\services\test_waitlist_service.py:47: Cannot connect to test DB (invalid password). Set DATABASE_URL_TEST to your test DB, e.g. database=dental_booking_test.</skipped></testcase><testcase classname="tests.services.test_waitlist_service" name="test_notify_slot_freed_marks_notified" time="0.001"><skipped type="pytest.skip" message="Cannot connect to test DB (invalid password). Set DATABASE_URL_TEST to your test DB, e.g. database=dental_booking_test.">D:\CURSOR\projects\dental_booking\tests\services\test_waitlist_service.py:74: Cannot connect to test DB (invalid password). Set DATABASE_URL_TEST to your test DB, e.g. database=dental_booking_test.</skipped></testcase><testcase classname="tests.services.test_waitlist_service" name="test_service_filter_skips_mismatched_service" time="0.000"><skipped type="pytest.skip" message="Cannot connect to test DB (invalid password). Set DATABASE_URL_TEST to your test DB, e.g. database=dental_booking_test.">D:\CURSOR\projects\dental_booking\tests\services\test_waitlist_service.py:120: Cannot connect to test DB (invalid password). Set DATABASE_URL_TEST to your test DB, e.g. database=dental_booking_test.</skipped></testcase><testcase classname="tests.services.test_waitlist_service" name="test_invalid_transition_raises" time="0.000"><skipped type="pytest.skip" message="Cannot connect to test DB (invalid password). Set DATABASE_URL_TEST to your test DB, e.g. database=dental_booking_test.">D:\CURSOR\projects\dental_booking\tests\services\test_waitlist_service.py:180: Cannot connect to test DB (invalid password). Set DATABASE_URL_TEST to your test DB, e.g. database=dental_booking_test.</skipped></testcase><testcase classname="tests.services.test_waitlist_service" name="test_notified_to_waiting_allowed" time="0.000"><skipped type="pytest.skip" message="Cannot connect to test DB (invalid password). Set DATABASE_URL_TEST to your test DB, e.g. database=dental_booking_test.">D:\CURSOR\projects\dental_booking\tests\services\test_waitlist_service.py:198: Cannot connect to test DB (invalid password). Set DATABASE_URL_TEST to your test DB, e.g. database=dental_booking_test.</skipped></testcase><testcase classname="tests.services.test_waitlist_service" name="test_terminal_entry_not_mutable" time="0.000"><skipped type="pytest.skip" message="Cannot connect to test DB (invalid password). Set DATABASE_URL_TEST to your test DB, e.g. database=dental_booking_test.">D:\CURSOR\projects\dental_booking\tests\services\test_waitlist_service.py:225: Cannot connect to test DB (invalid password). Set DATABASE_URL_TEST to your test DB, e.g. database=dental_booking_test.</skipped></testcase><testcase classname="tests.services.test_waitlist_service" name="test_cannot_reopen_cancelled" time="0.001"><skipped type="pytest.skip" message="Cannot connect to test DB (invalid password). Set DATABASE_URL_TEST to your test DB, e.g. database=dental_booking_test.">D:\CURSOR\projects\dental_booking\tests\services\test_waitlist_service.py:248: Cannot connect to test DB (invalid password). Set DATABASE_URL_TEST to your test DB, e.g. database=dental_booking_test.</skipped></testcase><testcase classname="tests.smoke.test_smoke" name="test_smoke_health" time="0.000"><skipped type="pytest.skip" message="Cannot connect to test DB (invalid password). Set DATABASE_URL_TEST to your test DB, e.g. database=dental_booking_test.">D:\CURSOR\projects\dental_booking\tests\smoke\test_smoke.py:7: Cannot connect to test DB (invalid password). Set DATABASE_URL_TEST to your test DB, e.g. database=dental_booking_test.</skipped></testcase><testcase classname="tests.smoke.test_smoke" name="test_smoke_auth_send_code" time="0.000"><skipped type="pytest.skip" message="Cannot connect to test DB (invalid password). Set DATABASE_URL_TEST to your test DB, e.g. database=dental_booking_test.">D:\CURSOR\projects\dental_booking\tests\smoke\test_smoke.py:14: Cannot connect to test DB (invalid password). Set DATABASE_URL_TEST to your test DB, e.g. database=dental_booking_test.</skipped></testcase><testcase classname="tests.smoke.test_smoke" name="test_smoke_admin_bookings_with_auth" time="0.000"><skipped type="pytest.skip" message="Cannot connect to test DB (invalid password). Set DATABASE_URL_TEST to your test DB, e.g. database=dental_booking_test.">D:\CURSOR\projects\dental_booking\tests\smoke\test_smoke.py:21: Cannot connect to test DB (invalid password). Set DATABASE_URL_TEST to your test DB, e.g. database=dental_booking_test.</skipped></testcase><testcase classname="tests.smoke.test_smoke" name="test_smoke_payments_webhook" time="0.000"><skipped type="pytest.skip" message="Cannot connect to test DB (invalid password). Set DATABASE_URL_TEST to your test DB, e.g. database=dental_booking_test.">D:\CURSOR\projects\dental_booking\tests\smoke\test_smoke.py:29: Cannot connect to test DB (invalid password). Set DATABASE_URL_TEST to your test DB, e.g. database=dental_booking_test.</skipped></testcase><testcase classname="tests.test_admin_create_doctor_patient" name="test_create_doctor_uses_default_clinic" time="0.001"><skipped type="pytest.skip" message="Cannot connect to test DB (invalid password). Set DATABASE_URL_TEST to your test DB, e.g. database=dental_booking_test.">D:\CURSOR\projects\dental_booking\tests\test_admin_create_doctor_patient.py:5: Cannot connect to test DB (invalid password). Set DATABASE_URL_TEST to your test DB, e.g. database=dental_booking_test.</skipped></testcase><testcase classname="tests.test_admin_create_doctor_patient" name="test_create_patient_uses_default_clinic" time="0.000"><skipped type="pytest.skip" message="Cannot connect to test DB (invalid password). Set DATABASE_URL_TEST to your test DB, e.g. database=dental_booking_test.">D:\CURSOR\projects\dental_booking\tests\test_admin_create_doctor_patient.py:29: Cannot connect to test DB (invalid password). Set DATABASE_URL_TEST to your test DB, e.g. database=dental_booking_test.</skipped></testcase><testcase classname="tests.test_auth_dto_clinic_slug" name="test_send_code_clinic_slug_trim" time="0.002" /><testcase classname="tests.test_auth_dto_clinic_slug" name="test_send_code_clinic_slug_blank_becomes_none" time="0.001" /><testcase classname="tests.test_auth_dto_clinic_slug" name="test_send_code_clinic_slug_max_length" time="0.001" /><testcase classname="tests.test_auth_dto_clinic_slug" name="test_verify_code_clinic_slug_trim" time="0.001" /><testcase classname="tests.test_settings_patient_auth_prod_defaults" name="test_production_applies_patient_auth_defaults_when_vars_unset" time="0.019" /><testcase classname="tests.test_settings_patient_auth_prod_defaults" name="test_production_respects_explicit_patient_auth_env" time="0.018" /><testcase classname="tests.test_settings_patient_auth_prod_defaults" name="test_development_keeps_defaults" time="0.018" /><testcase classname="tests.unit.test_ai_tools_booking_unit" name="test_get_available_slots_date_range_too_large_is_tool_error" time="0.002" /><testcase classname="tests.unit.test_ai_tools_booking_unit" name="test_create_booking_requires_patient_token_or_patient_id" time="0.002" /><testcase classname="tests.unit.test_ai_tools_booking_unit" name="test_cancel_booking_invalid_token_returns_tool_error" time="0.002" /><testcase classname="tests.unit.test_ai_tools_booking_unit" name="test_cancel_booking_not_found_returns_tool_error" time="0.003" /><testcase classname="tests.unit.test_ai_tools_booking_unit" name="test_cancel_booking_cannot_cancel_past_returns_tool_error" time="0.002" /><testcase classname="tests.unit.test_ai_tools_booking_unit" name="test_cancel_booking_cannot_cancel_status_returns_tool_error" time="0.003" /><testcase classname="tests.unit.test_booking_event_dedup" name="test_booking_event_dedup_id_stable_per_booking_and_event_type" time="0.001" /><testcase classname="tests.unit.test_booking_event_dedup" name="test_booking_event_dedup_id_differs_by_booking" time="0.001" /><testcase classname="tests.unit.test_crm_ai_privacy_and_errors" name="test_context_for_external_ai_excludes_notes_preview" time="0.001" /><testcase classname="tests.unit.test_crm_ai_privacy_and_errors" name="test_tool_error_codes_are_classified[lead_not_found-not_found]" time="0.001" /><testcase classname="tests.unit.test_crm_ai_privacy_and_errors" name="test_tool_error_codes_are_classified[stage_not_found-not_found]" time="0.001" /><testcase classname="tests.unit.test_crm_ai_privacy_and_errors" name="test_tool_error_codes_are_classified[clinic_mismatch-bad_request]" time="0.001" /><testcase classname="tests.unit.test_crm_ai_privacy_and_errors" name="test_tool_error_codes_are_classified[permission_denied-forbidden]" time="0.001" /><testcase classname="tests.unit.test_crm_ai_privacy_and_errors" name="test_tool_error_codes_are_classified[invalid_args-bad_request]" time="0.001" /><testcase classname="tests.unit.test_lead_stage_semantics_service" name="test_infer_semantic_from_code_without_db" time="0.002" /><testcase classname="tests.unit.test_lead_stage_state_machine" name="test_state_machine_can_transition[start-scheduled-True]" time="0.001" /><testcase classname="tests.unit.test_lead_stage_state_machine" name="test_state_machine_can_transition[scheduled-won-True]" time="0.001" /><testcase classname="tests.unit.test_lead_stage_state_machine" name="test_state_machine_can_transition[scheduled-lost-True]" time="0.001" /><testcase classname="tests.unit.test_lead_stage_state_machine" name="test_state_machine_can_transition[won-lost-False]" time="0.001" /><testcase classname="tests.unit.test_lead_stage_state_machine" name="test_state_machine_can_transition[lost-won-False]" time="0.001" /><testcase classname="tests.unit.test_lead_stage_state_machine" name="test_state_machine_can_transition[start-start-True]" time="0.001" /><testcase classname="tests.unit.test_lead_stage_state_machine" name="test_state_machine_assert_transition_raises_for_invalid" time="0.001" /><testcase classname="tests.unit.test_platform_audit_scrub" name="test_platform_audit_drops_email_like_keys_from_extra" time="0.002" /><testcase classname="tests.unit.test_platform_audit_scrub" name="test_platform_audit_drops_suffix_email_keys" time="0.001" /><testcase classname="tests.unit.test_security_jwt_realm_e6" name="test_tenant_admin_roundtrip_iss_aud" time="0.001" /><testcase classname="tests.unit.test_security_jwt_realm_e6" name="test_tenant_patient_roundtrip_iss_aud" time="0.001" /><testcase classname="tests.unit.test_security_jwt_realm_e6" name="test_tenant_rejects_wrong_audience_when_strict" time="0.001" /><testcase classname="tests.unit.test_security_jwt_realm_e6" name="test_tenant_rejects_wrong_issuer_when_strict" time="0.001" /><testcase classname="tests.unit.test_security_jwt_realm_e6" name="test_tenant_legacy_token_without_iss_aud_accepted" time="0.001" /><testcase classname="tests.unit.test_security_jwt_realm_e6" name="test_tenant_legacy_rejects_partial_iss_only" time="0.001" /><testcase classname="tests.unit.test_security_jwt_realm_e6" name="test_request_context_parser_admin_patient" time="0.001" /><testcase classname="tests.unit.test_security_jwt_realm_e6" name="test_founder_access_roundtrip" time="0.001" /><testcase classname="tests.unit.test_security_jwt_realm_e6" name="test_founder_rejects_wrong_audience" time="0.002" /><testcase classname="tests.unit.test_security_jwt_realm_e6" name="test_founder_mfa_roundtrip" time="0.001" /><testcase classname="tests.unit.test_waitlist_status" name="test_normalize_legacy_converted" time="0.001" /><testcase classname="tests.unit.test_waitlist_status" name="test_normalize_unknown_falls_back" time="0.001" /><testcase classname="tests.unit.test_waitlist_status" name="test_transitions_waiting" time="0.001" /><testcase classname="tests.unit.test_waitlist_status" name="test_transitions_terminal_blocked" time="0.001" /></testsuite></testsuites>