<?xml version="1.0" encoding="utf-8"?><testsuites name="pytest tests"><testsuite name="pytest" errors="0" failures="0" skipped="0" tests="23" time="180.695" timestamp="2026-04-14T18:09:06.918060+03:00" hostname="WIN-QL7GJ13NBOJ"><testcase classname="tests.api.test_payments" name="test_payments_webhook" time="18.501" /><testcase classname="tests.api.test_payments" name="test_payments_webhook_succeeded_twice_idempotent" time="13.987" /><testcase classname="tests.api.test_payments" name="test_payments_webhook_optional_secret_header" time="13.119" /><testcase classname="tests.api.test_platform_internal" name="test_platform_internal_health_requires_founder_jwt" time="13.672" /><testcase classname="tests.api.test_platform_internal" name="test_platform_internal_health_rejects_admin_jwt" time="13.331" /><testcase classname="tests.api.test_platform_internal" name="test_platform_internal_health_unauthorized_without_bearer" time="13.664" /><testcase classname="tests.api.test_public_platform_checkout" name="test_public_platform_checkout_happy_path_stub_yookassa" time="12.947" /><testcase classname="tests.api.test_public_platform_checkout" name="test_public_platform_signup_intent_status_pending" time="16.719" /><testcase classname="tests.api.test_public_platform_checkout" name="test_public_platform_signup_intent_status_not_found" time="20.012" /><testcase classname="tests.api.test_public_platform_checkout" name="test_public_platform_checkout_return_url_allowlist_rejects_foreign_host" time="19.136" /><testcase classname="tests.application.test_domain_outbox_platform_provision" name="test_platform_webhook_outbox_row_published_and_provisioned" time="15.998" /><testcase classname="tests.core.test_payment_webhook_governance" name="test_validate_distinct_webhook_secrets_ok_when_one_empty" time="0.007" /><testcase classname="tests.core.test_payment_webhook_governance" name="test_validate_distinct_webhook_secrets_ok_when_different" time="0.006" /><testcase classname="tests.core.test_payment_webhook_governance" name="test_validate_distinct_webhook_secrets_rejects_identical_non_empty" time="0.007" /><testcase classname="tests.core.test_payment_webhook_governance" name="test_assert_enforced_patient_secret_noop_when_not_production" time="0.013" /><testcase classname="tests.core.test_payment_webhook_governance" name="test_assert_enforced_patient_secret_noop_when_flag_off" time="0.006" /><testcase classname="tests.core.test_payment_webhook_governance" name="test_assert_enforced_patient_secret_ok_when_secret_set" time="0.006" /><testcase classname="tests.core.test_payment_webhook_governance" name="test_assert_enforced_patient_secret_raises_when_prod_empty_and_enforced" time="0.006" /><testcase classname="tests.core.test_payment_webhook_governance" name="test_assert_required_security_secrets_noop_when_not_production" time="0.007" /><testcase classname="tests.core.test_payment_webhook_governance" name="test_assert_required_security_secrets_raises_with_missing_list" time="0.007" /><testcase classname="tests.core.test_payment_webhook_governance" name="test_assert_required_security_secrets_ok_when_all_set" time="0.008" /><testcase classname="tests.core.test_platform_signup_settings_defaults" name="test_production_derives_return_url_allowlist_and_owner_invite_base" time="0.030" /><testcase classname="tests.e2e.test_critical_path_smoke" name="test_owner_invite_route_renders_without_white_screen[chromium]" time="2.093" /></testsuite></testsuites>