<?xml version="1.0" encoding="utf-8"?><testsuites name="pytest tests"><testsuite name="pytest" errors="0" failures="0" skipped="0" tests="24" time="99.476" timestamp="2026-04-14T22:38:46.310470+03:00" hostname="WIN-QL7GJ13NBOJ"><testcase classname="tests.api.test_payments" name="test_payments_webhook" time="9.644" /><testcase classname="tests.api.test_payments" name="test_payments_webhook_succeeded_twice_idempotent" time="8.343" /><testcase classname="tests.api.test_payments" name="test_payments_webhook_optional_secret_header" time="7.709" /><testcase classname="tests.api.test_platform_internal" name="test_platform_internal_health_requires_founder_jwt" time="7.374" /><testcase classname="tests.api.test_platform_internal" name="test_platform_internal_health_rejects_admin_jwt" time="7.291" /><testcase classname="tests.api.test_platform_internal" name="test_platform_internal_health_unauthorized_without_bearer" time="7.062" /><testcase classname="tests.api.test_public_platform_checkout" name="test_public_platform_checkout_happy_path_stub_yookassa" time="7.698" /><testcase classname="tests.api.test_public_platform_checkout" name="test_public_platform_signup_intent_status_pending" time="7.552" /><testcase classname="tests.api.test_public_platform_checkout" name="test_public_platform_signup_intent_status_not_found" time="7.509" /><testcase classname="tests.api.test_public_platform_checkout" name="test_public_platform_checkout_return_url_allowlist_rejects_foreign_host" time="8.303" /><testcase classname="tests.application.test_domain_outbox_platform_provision" name="test_platform_webhook_outbox_row_published_and_provisioned" time="8.949" /><testcase classname="tests.core.test_payment_webhook_governance" name="test_validate_distinct_webhook_secrets_ok_when_one_empty" time="0.009" /><testcase classname="tests.core.test_payment_webhook_governance" name="test_validate_distinct_webhook_secrets_ok_when_different" time="0.008" /><testcase classname="tests.core.test_payment_webhook_governance" name="test_validate_distinct_webhook_secrets_rejects_identical_non_empty" time="0.008" /><testcase classname="tests.core.test_payment_webhook_governance" name="test_assert_enforced_patient_secret_noop_when_not_production" time="0.018" /><testcase classname="tests.core.test_payment_webhook_governance" name="test_assert_enforced_patient_secret_noop_when_flag_off" time="0.008" /><testcase classname="tests.core.test_payment_webhook_governance" name="test_assert_enforced_patient_secret_ok_when_secret_set" time="0.011" /><testcase classname="tests.core.test_payment_webhook_governance" name="test_assert_enforced_patient_secret_raises_when_prod_empty_and_enforced" time="0.008" /><testcase classname="tests.core.test_payment_webhook_governance" name="test_assert_required_security_secrets_noop_when_not_production" time="0.014" /><testcase classname="tests.core.test_payment_webhook_governance" name="test_assert_required_security_secrets_raises_with_missing_list" time="0.007" /><testcase classname="tests.core.test_payment_webhook_governance" name="test_assert_required_security_secrets_ok_when_all_set" time="0.007" /><testcase classname="tests.core.test_payment_webhook_governance" name="test_refresh_payment_webhook_governance_gauges_sets_contour_labels" time="0.010" /><testcase classname="tests.core.test_platform_signup_settings_defaults" name="test_production_derives_return_url_allowlist_and_owner_invite_base" time="0.038" /><testcase classname="tests.e2e.test_critical_path_smoke" name="test_owner_invite_route_renders_without_white_screen[chromium]" time="4.189" /></testsuite></testsuites>