<?xml version="1.0" encoding="utf-8"?><testsuites name="pytest tests"><testsuite name="pytest" errors="11" failures="0" skipped="0" tests="24" time="9.337" timestamp="2026-04-14T22:42:44.987160+03:00" hostname="WIN-QL7GJ13NBOJ"><testcase classname="tests.api.test_payments" name="test_payments_webhook" time="0.002"><error message="failed on setup with &quot;Failed: ScopeMismatch: You tried to access the function scoped fixture event_loop with a session scoped request object. Requesting fixture stack:&#10;tests\conftest.py:220:  def init_db()&#10;Requested fixture:&#10;C:\Users\user\AppData\Local\pypoetry\Cache\virtualenvs\dental-booking-c-zFfuOp-py3.11\Lib\site-packages\pytest_asyncio\plugin.py:1024:  def event_loop(request: _pytest.fixtures.FixtureRequest) -&gt; Iterator[asyncio.events.AbstractEventLoop]&quot;">ScopeMismatch: You tried to access the function scoped fixture event_loop with a session scoped request object. Requesting fixture stack:
tests\conftest.py:220:  def init_db()
Requested fixture:
C:\Users\user\AppData\Local\pypoetry\Cache\virtualenvs\dental-booking-c-zFfuOp-py3.11\Lib\site-packages\pytest_asyncio\plugin.py:1024:  def event_loop(request: _pytest.fixtures.FixtureRequest) -&gt; Iterator[asyncio.events.AbstractEventLoop]</error></testcase><testcase classname="tests.api.test_payments" name="test_payments_webhook_succeeded_twice_idempotent" time="0.001"><error message="failed on setup with &quot;Failed: ScopeMismatch: You tried to access the function scoped fixture event_loop with a session scoped request object. Requesting fixture stack:&#10;tests\conftest.py:340:  def seed_data(init_db, truncate_tables)&#10;tests\conftest.py:220:  def init_db()&#10;Requested fixture:&#10;C:\Users\user\AppData\Local\pypoetry\Cache\virtualenvs\dental-booking-c-zFfuOp-py3.11\Lib\site-packages\pytest_asyncio\plugin.py:1024:  def event_loop(request: _pytest.fixtures.FixtureRequest) -&gt; Iterator[asyncio.events.AbstractEventLoop]&quot;">ScopeMismatch: You tried to access the function scoped fixture event_loop with a session scoped request object. Requesting fixture stack:
tests\conftest.py:340:  def seed_data(init_db, truncate_tables)
tests\conftest.py:220:  def init_db()
Requested fixture:
C:\Users\user\AppData\Local\pypoetry\Cache\virtualenvs\dental-booking-c-zFfuOp-py3.11\Lib\site-packages\pytest_asyncio\plugin.py:1024:  def event_loop(request: _pytest.fixtures.FixtureRequest) -&gt; Iterator[asyncio.events.AbstractEventLoop]</error></testcase><testcase classname="tests.api.test_payments" name="test_payments_webhook_optional_secret_header" time="0.001"><error message="failed on setup with &quot;Failed: ScopeMismatch: You tried to access the function scoped fixture event_loop with a session scoped request object. Requesting fixture stack:&#10;tests\conftest.py:220:  def init_db()&#10;Requested fixture:&#10;C:\Users\user\AppData\Local\pypoetry\Cache\virtualenvs\dental-booking-c-zFfuOp-py3.11\Lib\site-packages\pytest_asyncio\plugin.py:1024:  def event_loop(request: _pytest.fixtures.FixtureRequest) -&gt; Iterator[asyncio.events.AbstractEventLoop]&quot;">ScopeMismatch: You tried to access the function scoped fixture event_loop with a session scoped request object. Requesting fixture stack:
tests\conftest.py:220:  def init_db()
Requested fixture:
C:\Users\user\AppData\Local\pypoetry\Cache\virtualenvs\dental-booking-c-zFfuOp-py3.11\Lib\site-packages\pytest_asyncio\plugin.py:1024:  def event_loop(request: _pytest.fixtures.FixtureRequest) -&gt; Iterator[asyncio.events.AbstractEventLoop]</error></testcase><testcase classname="tests.api.test_platform_internal" name="test_platform_internal_health_requires_founder_jwt" time="0.002"><error message="failed on setup with &quot;Failed: ScopeMismatch: You tried to access the function scoped fixture event_loop with a session scoped request object. Requesting fixture stack:&#10;tests\conftest.py:340:  def seed_data(init_db, truncate_tables)&#10;tests\conftest.py:220:  def init_db()&#10;Requested fixture:&#10;C:\Users\user\AppData\Local\pypoetry\Cache\virtualenvs\dental-booking-c-zFfuOp-py3.11\Lib\site-packages\pytest_asyncio\plugin.py:1024:  def event_loop(request: _pytest.fixtures.FixtureRequest) -&gt; Iterator[asyncio.events.AbstractEventLoop]&quot;">ScopeMismatch: You tried to access the function scoped fixture event_loop with a session scoped request object. Requesting fixture stack:
tests\conftest.py:340:  def seed_data(init_db, truncate_tables)
tests\conftest.py:220:  def init_db()
Requested fixture:
C:\Users\user\AppData\Local\pypoetry\Cache\virtualenvs\dental-booking-c-zFfuOp-py3.11\Lib\site-packages\pytest_asyncio\plugin.py:1024:  def event_loop(request: _pytest.fixtures.FixtureRequest) -&gt; Iterator[asyncio.events.AbstractEventLoop]</error></testcase><testcase classname="tests.api.test_platform_internal" name="test_platform_internal_health_rejects_admin_jwt" time="0.002"><error message="failed on setup with &quot;Failed: ScopeMismatch: You tried to access the function scoped fixture event_loop with a session scoped request object. Requesting fixture stack:&#10;tests\conftest.py:220:  def init_db()&#10;Requested fixture:&#10;C:\Users\user\AppData\Local\pypoetry\Cache\virtualenvs\dental-booking-c-zFfuOp-py3.11\Lib\site-packages\pytest_asyncio\plugin.py:1024:  def event_loop(request: _pytest.fixtures.FixtureRequest) -&gt; Iterator[asyncio.events.AbstractEventLoop]&quot;">ScopeMismatch: You tried to access the function scoped fixture event_loop with a session scoped request object. Requesting fixture stack:
tests\conftest.py:220:  def init_db()
Requested fixture:
C:\Users\user\AppData\Local\pypoetry\Cache\virtualenvs\dental-booking-c-zFfuOp-py3.11\Lib\site-packages\pytest_asyncio\plugin.py:1024:  def event_loop(request: _pytest.fixtures.FixtureRequest) -&gt; Iterator[asyncio.events.AbstractEventLoop]</error></testcase><testcase classname="tests.api.test_platform_internal" name="test_platform_internal_health_unauthorized_without_bearer" time="0.001"><error message="failed on setup with &quot;Failed: ScopeMismatch: You tried to access the function scoped fixture event_loop with a session scoped request object. Requesting fixture stack:&#10;tests\conftest.py:220:  def init_db()&#10;Requested fixture:&#10;C:\Users\user\AppData\Local\pypoetry\Cache\virtualenvs\dental-booking-c-zFfuOp-py3.11\Lib\site-packages\pytest_asyncio\plugin.py:1024:  def event_loop(request: _pytest.fixtures.FixtureRequest) -&gt; Iterator[asyncio.events.AbstractEventLoop]&quot;">ScopeMismatch: You tried to access the function scoped fixture event_loop with a session scoped request object. Requesting fixture stack:
tests\conftest.py:220:  def init_db()
Requested fixture:
C:\Users\user\AppData\Local\pypoetry\Cache\virtualenvs\dental-booking-c-zFfuOp-py3.11\Lib\site-packages\pytest_asyncio\plugin.py:1024:  def event_loop(request: _pytest.fixtures.FixtureRequest) -&gt; Iterator[asyncio.events.AbstractEventLoop]</error></testcase><testcase classname="tests.api.test_public_platform_checkout" name="test_public_platform_checkout_happy_path_stub_yookassa" time="0.001"><error message="failed on setup with &quot;Failed: ScopeMismatch: You tried to access the function scoped fixture event_loop with a session scoped request object. Requesting fixture stack:&#10;tests\conftest.py:220:  def init_db()&#10;Requested fixture:&#10;C:\Users\user\AppData\Local\pypoetry\Cache\virtualenvs\dental-booking-c-zFfuOp-py3.11\Lib\site-packages\pytest_asyncio\plugin.py:1024:  def event_loop(request: _pytest.fixtures.FixtureRequest) -&gt; Iterator[asyncio.events.AbstractEventLoop]&quot;">ScopeMismatch: You tried to access the function scoped fixture event_loop with a session scoped request object. Requesting fixture stack:
tests\conftest.py:220:  def init_db()
Requested fixture:
C:\Users\user\AppData\Local\pypoetry\Cache\virtualenvs\dental-booking-c-zFfuOp-py3.11\Lib\site-packages\pytest_asyncio\plugin.py:1024:  def event_loop(request: _pytest.fixtures.FixtureRequest) -&gt; Iterator[asyncio.events.AbstractEventLoop]</error></testcase><testcase classname="tests.api.test_public_platform_checkout" name="test_public_platform_signup_intent_status_pending" time="0.001"><error message="failed on setup with &quot;Failed: ScopeMismatch: You tried to access the function scoped fixture event_loop with a session scoped request object. Requesting fixture stack:&#10;tests\conftest.py:220:  def init_db()&#10;Requested fixture:&#10;C:\Users\user\AppData\Local\pypoetry\Cache\virtualenvs\dental-booking-c-zFfuOp-py3.11\Lib\site-packages\pytest_asyncio\plugin.py:1024:  def event_loop(request: _pytest.fixtures.FixtureRequest) -&gt; Iterator[asyncio.events.AbstractEventLoop]&quot;">ScopeMismatch: You tried to access the function scoped fixture event_loop with a session scoped request object. Requesting fixture stack:
tests\conftest.py:220:  def init_db()
Requested fixture:
C:\Users\user\AppData\Local\pypoetry\Cache\virtualenvs\dental-booking-c-zFfuOp-py3.11\Lib\site-packages\pytest_asyncio\plugin.py:1024:  def event_loop(request: _pytest.fixtures.FixtureRequest) -&gt; Iterator[asyncio.events.AbstractEventLoop]</error></testcase><testcase classname="tests.api.test_public_platform_checkout" name="test_public_platform_signup_intent_status_not_found" time="0.001"><error message="failed on setup with &quot;Failed: ScopeMismatch: You tried to access the function scoped fixture event_loop with a session scoped request object. Requesting fixture stack:&#10;tests\conftest.py:220:  def init_db()&#10;Requested fixture:&#10;C:\Users\user\AppData\Local\pypoetry\Cache\virtualenvs\dental-booking-c-zFfuOp-py3.11\Lib\site-packages\pytest_asyncio\plugin.py:1024:  def event_loop(request: _pytest.fixtures.FixtureRequest) -&gt; Iterator[asyncio.events.AbstractEventLoop]&quot;">ScopeMismatch: You tried to access the function scoped fixture event_loop with a session scoped request object. Requesting fixture stack:
tests\conftest.py:220:  def init_db()
Requested fixture:
C:\Users\user\AppData\Local\pypoetry\Cache\virtualenvs\dental-booking-c-zFfuOp-py3.11\Lib\site-packages\pytest_asyncio\plugin.py:1024:  def event_loop(request: _pytest.fixtures.FixtureRequest) -&gt; Iterator[asyncio.events.AbstractEventLoop]</error></testcase><testcase classname="tests.api.test_public_platform_checkout" name="test_public_platform_checkout_return_url_allowlist_rejects_foreign_host" time="0.001"><error message="failed on setup with &quot;Failed: ScopeMismatch: You tried to access the function scoped fixture event_loop with a session scoped request object. Requesting fixture stack:&#10;tests\conftest.py:220:  def init_db()&#10;Requested fixture:&#10;C:\Users\user\AppData\Local\pypoetry\Cache\virtualenvs\dental-booking-c-zFfuOp-py3.11\Lib\site-packages\pytest_asyncio\plugin.py:1024:  def event_loop(request: _pytest.fixtures.FixtureRequest) -&gt; Iterator[asyncio.events.AbstractEventLoop]&quot;">ScopeMismatch: You tried to access the function scoped fixture event_loop with a session scoped request object. Requesting fixture stack:
tests\conftest.py:220:  def init_db()
Requested fixture:
C:\Users\user\AppData\Local\pypoetry\Cache\virtualenvs\dental-booking-c-zFfuOp-py3.11\Lib\site-packages\pytest_asyncio\plugin.py:1024:  def event_loop(request: _pytest.fixtures.FixtureRequest) -&gt; Iterator[asyncio.events.AbstractEventLoop]</error></testcase><testcase classname="tests.application.test_domain_outbox_platform_provision" name="test_platform_webhook_outbox_row_published_and_provisioned" time="0.001"><error message="failed on setup with &quot;Failed: ScopeMismatch: You tried to access the function scoped fixture event_loop with a session scoped request object. Requesting fixture stack:&#10;tests\conftest.py:340:  def seed_data(init_db, truncate_tables)&#10;tests\conftest.py:220:  def init_db()&#10;Requested fixture:&#10;C:\Users\user\AppData\Local\pypoetry\Cache\virtualenvs\dental-booking-c-zFfuOp-py3.11\Lib\site-packages\pytest_asyncio\plugin.py:1024:  def event_loop(request: _pytest.fixtures.FixtureRequest) -&gt; Iterator[asyncio.events.AbstractEventLoop]&quot;">ScopeMismatch: You tried to access the function scoped fixture event_loop with a session scoped request object. Requesting fixture stack:
tests\conftest.py:340:  def seed_data(init_db, truncate_tables)
tests\conftest.py:220:  def init_db()
Requested fixture:
C:\Users\user\AppData\Local\pypoetry\Cache\virtualenvs\dental-booking-c-zFfuOp-py3.11\Lib\site-packages\pytest_asyncio\plugin.py:1024:  def event_loop(request: _pytest.fixtures.FixtureRequest) -&gt; Iterator[asyncio.events.AbstractEventLoop]</error></testcase><testcase classname="tests.core.test_payment_webhook_governance" name="test_validate_distinct_webhook_secrets_ok_when_one_empty" time="0.001" /><testcase classname="tests.core.test_payment_webhook_governance" name="test_validate_distinct_webhook_secrets_ok_when_different" time="0.001" /><testcase classname="tests.core.test_payment_webhook_governance" name="test_validate_distinct_webhook_secrets_rejects_identical_non_empty" time="0.001" /><testcase classname="tests.core.test_payment_webhook_governance" name="test_assert_enforced_patient_secret_noop_when_not_production" time="0.001" /><testcase classname="tests.core.test_payment_webhook_governance" name="test_assert_enforced_patient_secret_noop_when_flag_off" time="0.001" /><testcase classname="tests.core.test_payment_webhook_governance" name="test_assert_enforced_patient_secret_ok_when_secret_set" time="0.001" /><testcase classname="tests.core.test_payment_webhook_governance" name="test_assert_enforced_patient_secret_raises_when_prod_empty_and_enforced" time="0.002" /><testcase classname="tests.core.test_payment_webhook_governance" name="test_assert_required_security_secrets_noop_when_not_production" time="0.001" /><testcase classname="tests.core.test_payment_webhook_governance" name="test_assert_required_security_secrets_raises_with_missing_list" time="0.001" /><testcase classname="tests.core.test_payment_webhook_governance" name="test_assert_required_security_secrets_ok_when_all_set" time="0.001" /><testcase classname="tests.core.test_payment_webhook_governance" name="test_refresh_payment_webhook_governance_gauges_sets_contour_labels" time="0.002" /><testcase classname="tests.core.test_platform_signup_settings_defaults" name="test_production_derives_return_url_allowlist_and_owner_invite_base" time="0.020" /><testcase classname="tests.e2e.test_critical_path_smoke" name="test_owner_invite_route_renders_without_white_screen[chromium]" time="2.270" /></testsuite></testsuites>